23:00:58.812 logback [restartedMain] INFO  c.f.s.SpringBootDemoApplication - Starting SpringBootDemoApplication on DELL-G3 with PID 16104 (D:\MyEclipseWorkspaces2017\spring-boot-demo\target\classes started by Administrator in D:\MyEclipseWorkspaces2017\spring-boot-demo)
23:00:58.813 logback [restartedMain] INFO  c.f.s.SpringBootDemoApplication - The following profiles are active: home
23:00:58.851 logback [restartedMain] INFO  o.s.b.w.s.c.AnnotationConfigServletWebServerApplicationContext - Refreshing org.springframework.boot.web.servlet.context.AnnotationConfigServletWebServerApplicationContext@5e4091a7: startup date [Sun Sep 09 23:00:58 CST 2018]; root of context hierarchy
23:00:59.725 logback [restartedMain] INFO  o.s.b.f.s.DefaultListableBeanFactory - Overriding bean definition for bean 'statFilter' with a different definition: replacing [Root bean: class [null]; scope=; abstract=false; lazyInit=false; autowireMode=3; dependencyCheck=0; autowireCandidate=true; primary=false; factoryBeanName=druidConfiguration; factoryMethodName=statFilter; initMethodName=null; destroyMethodName=(inferred); defined in class path resource [com/fhzz/springbootdemo/configuration/druid/DruidConfiguration.class]] with [Root bean: class [null]; scope=; abstract=false; lazyInit=false; autowireMode=3; dependencyCheck=0; autowireCandidate=true; primary=false; factoryBeanName=com.alibaba.druid.spring.boot.autoconfigure.stat.DruidFilterConfiguration; factoryMethodName=statFilter; initMethodName=null; destroyMethodName=(inferred); defined in class path resource [com/alibaba/druid/spring/boot/autoconfigure/stat/DruidFilterConfiguration.class]]
23:01:00.287 logback [restartedMain] INFO  o.s.c.s.PostProcessorRegistrationDelegate$BeanPostProcessorChecker - Bean 'shiroConfig' of type [com.fhzz.springbootdemo.configuration.shiro.ShiroConfig$$EnhancerBySpringCGLIB$$f13bcaee] is not eligible for getting processed by all BeanPostProcessors (for example: not eligible for auto-proxying)
23:01:00.579 logback [restartedMain] INFO  o.s.c.s.PostProcessorRegistrationDelegate$BeanPostProcessorChecker - Bean 'hashedCredentialsMatcher' of type [org.apache.shiro.authc.credential.HashedCredentialsMatcher] is not eligible for getting processed by all BeanPostProcessors (for example: not eligible for auto-proxying)
23:01:00.607 logback [restartedMain] INFO  o.s.c.s.PostProcessorRegistrationDelegate$BeanPostProcessorChecker - Bean '(inner bean)#23561d8b' of type [org.springframework.beans.factory.config.PropertiesFactoryBean] is not eligible for getting processed by all BeanPostProcessors (for example: not eligible for auto-proxying)
23:01:00.607 logback [restartedMain] INFO  o.s.c.s.PostProcessorRegistrationDelegate$BeanPostProcessorChecker - Bean '(inner bean)#23561d8b' of type [java.util.Properties] is not eligible for getting processed by all BeanPostProcessors (for example: not eligible for auto-proxying)
23:01:00.609 logback [restartedMain] INFO  o.s.c.s.PostProcessorRegistrationDelegate$BeanPostProcessorChecker - Bean '(inner bean)#32495be' of type [org.springframework.data.repository.core.support.PropertiesBasedNamedQueries] is not eligible for getting processed by all BeanPostProcessors (for example: not eligible for auto-proxying)
23:01:00.614 logback [restartedMain] INFO  o.s.c.s.PostProcessorRegistrationDelegate$BeanPostProcessorChecker - Bean '(inner bean)#76c06937' of type [org.springframework.data.repository.core.support.RepositoryFragmentsFactoryBean] is not eligible for getting processed by all BeanPostProcessors (for example: not eligible for auto-proxying)
23:01:00.614 logback [restartedMain] INFO  o.s.c.s.PostProcessorRegistrationDelegate$BeanPostProcessorChecker - Bean '(inner bean)#76c06937' of type [org.springframework.data.repository.core.support.RepositoryComposition$RepositoryFragments] is not eligible for getting processed by all BeanPostProcessors (for example: not eligible for auto-proxying)
23:01:00.618 logback [restartedMain] INFO  o.s.c.s.PostProcessorRegistrationDelegate$BeanPostProcessorChecker - Bean '(inner bean)#2fd14a58' of type [org.springframework.data.repository.query.ExtensionAwareEvaluationContextProvider] is not eligible for getting processed by all BeanPostProcessors (for example: not eligible for auto-proxying)
23:01:00.629 logback [restartedMain] INFO  o.s.c.s.PostProcessorRegistrationDelegate$BeanPostProcessorChecker - Bean 'druidDataSourceBuilder' of type [com.fhzz.springbootdemo.configuration.datasource.DruidDataSourceBuilder] is not eligible for getting processed by all BeanPostProcessors (for example: not eligible for auto-proxying)
23:01:00.642 logback [restartedMain] INFO  o.s.c.s.PostProcessorRegistrationDelegate$BeanPostProcessorChecker - Bean 'org.springframework.boot.context.properties.ConversionServiceDeducer$Factory' of type [org.springframework.boot.context.properties.ConversionServiceDeducer$Factory] is not eligible for getting processed by all BeanPostProcessors (for example: not eligible for auto-proxying)
23:01:00.649 logback [restartedMain] INFO  o.s.c.s.PostProcessorRegistrationDelegate$BeanPostProcessorChecker - Bean 'spring.jpa-org.springframework.boot.autoconfigure.orm.jpa.JpaProperties' of type [org.springframework.boot.autoconfigure.orm.jpa.JpaProperties] is not eligible for getting processed by all BeanPostProcessors (for example: not eligible for auto-proxying)
23:01:00.650 logback [restartedMain] INFO  o.s.c.s.PostProcessorRegistrationDelegate$BeanPostProcessorChecker - Bean 'dataSource1Config' of type [com.fhzz.springbootdemo.configuration.datasource.DataSource1Config$$EnhancerBySpringCGLIB$$f8ffeb87] is not eligible for getting processed by all BeanPostProcessors (for example: not eligible for auto-proxying)
23:01:00.712 logback [restartedMain] WARN  c.a.d.pool.DruidAbstractDataSource - oracle.jdbc.driver.OracleDriver is deprecated.Having use oracle.jdbc.OracleDriver.
23:01:00.770 logback [restartedMain] INFO  o.s.c.s.PostProcessorRegistrationDelegate$BeanPostProcessorChecker - Bean 'masterDataSource' of type [com.alibaba.druid.pool.DruidDataSource] is not eligible for getting processed by all BeanPostProcessors (for example: not eligible for auto-proxying)
23:01:00.785 logback [restartedMain] INFO  o.s.c.s.PostProcessorRegistrationDelegate$BeanPostProcessorChecker - Bean 'spring.datasource-org.springframework.boot.autoconfigure.jdbc.DataSourceProperties' of type [org.springframework.boot.autoconfigure.jdbc.DataSourceProperties] is not eligible for getting processed by all BeanPostProcessors (for example: not eligible for auto-proxying)
23:01:00.792 logback [restartedMain] INFO  o.s.c.s.PostProcessorRegistrationDelegate$BeanPostProcessorChecker - Bean 'org.springframework.boot.autoconfigure.jdbc.DataSourceInitializerInvoker' of type [org.springframework.boot.autoconfigure.jdbc.DataSourceInitializerInvoker] is not eligible for getting processed by all BeanPostProcessors (for example: not eligible for auto-proxying)
23:01:00.798 logback [restartedMain] INFO  o.s.c.s.PostProcessorRegistrationDelegate$BeanPostProcessorChecker - Bean 'org.springframework.boot.autoconfigure.transaction.TransactionAutoConfiguration' of type [org.springframework.boot.autoconfigure.transaction.TransactionAutoConfiguration$$EnhancerBySpringCGLIB$$5680f982] is not eligible for getting processed by all BeanPostProcessors (for example: not eligible for auto-proxying)
23:01:00.806 logback [restartedMain] INFO  o.s.c.s.PostProcessorRegistrationDelegate$BeanPostProcessorChecker - Bean 'spring.transaction-org.springframework.boot.autoconfigure.transaction.TransactionProperties' of type [org.springframework.boot.autoconfigure.transaction.TransactionProperties] is not eligible for getting processed by all BeanPostProcessors (for example: not eligible for auto-proxying)
23:01:00.808 logback [restartedMain] INFO  o.s.c.s.PostProcessorRegistrationDelegate$BeanPostProcessorChecker - Bean 'platformTransactionManagerCustomizers' of type [org.springframework.boot.autoconfigure.transaction.TransactionManagerCustomizers] is not eligible for getting processed by all BeanPostProcessors (for example: not eligible for auto-proxying)
23:01:00.814 logback [restartedMain] INFO  o.s.c.s.PostProcessorRegistrationDelegate$BeanPostProcessorChecker - Bean 'org.springframework.boot.autoconfigure.jdbc.metadata.DataSourcePoolMetadataProvidersConfiguration$HikariPoolDataSourceMetadataProviderConfiguration' of type [org.springframework.boot.autoconfigure.jdbc.metadata.DataSourcePoolMetadataProvidersConfiguration$HikariPoolDataSourceMetadataProviderConfiguration$$EnhancerBySpringCGLIB$$2264265c] is not eligible for getting processed by all BeanPostProcessors (for example: not eligible for auto-proxying)
23:01:00.817 logback [restartedMain] INFO  o.s.c.s.PostProcessorRegistrationDelegate$BeanPostProcessorChecker - Bean 'hikariPoolDataSourceMetadataProvider' of type [org.springframework.boot.autoconfigure.jdbc.metadata.DataSourcePoolMetadataProvidersConfiguration$HikariPoolDataSourceMetadataProviderConfiguration$$Lambda$278/1916159682] is not eligible for getting processed by all BeanPostProcessors (for example: not eligible for auto-proxying)
23:01:00.826 logback [restartedMain] INFO  o.s.c.s.PostProcessorRegistrationDelegate$BeanPostProcessorChecker - Bean 'org.springframework.boot.autoconfigure.orm.jpa.HibernateJpaConfiguration' of type [org.springframework.boot.autoconfigure.orm.jpa.HibernateJpaConfiguration$$EnhancerBySpringCGLIB$$e0e3c0e7] is not eligible for getting processed by all BeanPostProcessors (for example: not eligible for auto-proxying)
23:01:01.314 logback [restartedMain] INFO  c.alibaba.druid.pool.DruidDataSource - {dataSource-1} inited
23:01:01.321 logback [restartedMain] INFO  o.s.c.s.PostProcessorRegistrationDelegate$BeanPostProcessorChecker - Bean 'jpaVendorAdapter' of type [org.springframework.orm.jpa.vendor.HibernateJpaVendorAdapter] is not eligible for getting processed by all BeanPostProcessors (for example: not eligible for auto-proxying)
23:01:01.324 logback [restartedMain] INFO  o.s.c.s.PostProcessorRegistrationDelegate$BeanPostProcessorChecker - Bean 'entityManagerFactoryBuilder' of type [org.springframework.boot.orm.jpa.EntityManagerFactoryBuilder] is not eligible for getting processed by all BeanPostProcessors (for example: not eligible for auto-proxying)
23:01:01.350 logback [restartedMain] INFO  o.s.o.j.LocalContainerEntityManagerFactoryBean - Building JPA container EntityManagerFactory for persistence unit 'masterPersistenceUnit'
23:01:01.366 logback [restartedMain] INFO  o.h.jpa.internal.util.LogHelper - HHH000204: Processing PersistenceUnitInfo [
	name: masterPersistenceUnit
	...]
23:01:01.432 logback [restartedMain] INFO  org.hibernate.Version - HHH000412: Hibernate Core {5.2.17.Final}
23:01:01.434 logback [restartedMain] INFO  org.hibernate.cfg.Environment - HHH000206: hibernate.properties not found
23:01:01.466 logback [restartedMain] INFO  o.h.annotations.common.Version - HCANN000001: Hibernate Commons Annotations {5.0.1.Final}
23:01:01.580 logback [restartedMain] INFO  org.hibernate.dialect.Dialect - HHH000400: Using dialect: org.hibernate.dialect.Oracle12cDialect
23:01:01.635 logback [restartedMain] INFO  org.hibernate.type.BasicTypeRegistry - HHH000270: Type registration [byte[]] overrides previous : org.hibernate.type.BinaryType@2b352ba5
23:01:01.635 logback [restartedMain] INFO  org.hibernate.type.BasicTypeRegistry - HHH000270: Type registration [[B] overrides previous : org.hibernate.type.BinaryType@2b352ba5
23:01:01.636 logback [restartedMain] INFO  org.hibernate.type.BasicTypeRegistry - HHH000270: Type registration [Byte[]] overrides previous : org.hibernate.type.WrapperBinaryType@5ed870a3
23:01:01.636 logback [restartedMain] INFO  org.hibernate.type.BasicTypeRegistry - HHH000270: Type registration [[Ljava.lang.Byte;] overrides previous : org.hibernate.type.WrapperBinaryType@5ed870a3
23:01:01.766 logback [restartedMain] WARN  org.hibernate.id.UUIDHexGenerator - HHH000409: Using org.hibernate.id.UUIDHexGenerator which does not generate IETF RFC 4122 compliant UUID values; consider using org.hibernate.id.UUIDGenerator instead
23:01:02.046 logback [restartedMain] INFO  o.s.o.j.LocalContainerEntityManagerFactoryBean - Initialized JPA EntityManagerFactory for persistence unit 'masterPersistenceUnit'
23:01:02.048 logback [restartedMain] INFO  o.s.c.s.PostProcessorRegistrationDelegate$BeanPostProcessorChecker - Bean 'masterEntityManagerFactory' of type [org.springframework.orm.jpa.LocalContainerEntityManagerFactoryBean] is not eligible for getting processed by all BeanPostProcessors (for example: not eligible for auto-proxying)
23:01:02.049 logback [restartedMain] INFO  o.s.c.s.PostProcessorRegistrationDelegate$BeanPostProcessorChecker - Bean 'masterEntityManagerFactory' of type [com.sun.proxy.$Proxy99] is not eligible for getting processed by all BeanPostProcessors (for example: not eligible for auto-proxying)
23:01:02.061 logback [restartedMain] INFO  o.s.c.s.PostProcessorRegistrationDelegate$BeanPostProcessorChecker - Bean '(inner bean)#5895ddaf' of type [com.sun.proxy.$Proxy100] is not eligible for getting processed by all BeanPostProcessors (for example: not eligible for auto-proxying)
23:01:02.072 logback [restartedMain] INFO  o.s.c.s.PostProcessorRegistrationDelegate$BeanPostProcessorChecker - Bean 'dataSource2Config' of type [com.fhzz.springbootdemo.configuration.datasource.DataSource2Config$$EnhancerBySpringCGLIB$$4949f1e8] is not eligible for getting processed by all BeanPostProcessors (for example: not eligible for auto-proxying)
23:01:02.078 logback [restartedMain] INFO  o.s.c.s.PostProcessorRegistrationDelegate$BeanPostProcessorChecker - Bean 'slave1DataSource' of type [com.alibaba.druid.pool.DruidDataSource] is not eligible for getting processed by all BeanPostProcessors (for example: not eligible for auto-proxying)
23:01:02.081 logback [restartedMain] INFO  o.s.o.j.LocalContainerEntityManagerFactoryBean - Building JPA container EntityManagerFactory for persistence unit 'slave1PersistenceUnit'
23:01:02.081 logback [restartedMain] INFO  o.h.jpa.internal.util.LogHelper - HHH000204: Processing PersistenceUnitInfo [
	name: slave1PersistenceUnit
	...]
23:01:02.279 logback [restartedMain] INFO  c.alibaba.druid.pool.DruidDataSource - {dataSource-2} inited
23:01:02.279 logback [restartedMain] INFO  org.hibernate.dialect.Dialect - HHH000400: Using dialect: org.hibernate.dialect.Oracle12cDialect
23:01:02.290 logback [restartedMain] INFO  org.hibernate.type.BasicTypeRegistry - HHH000270: Type registration [byte[]] overrides previous : org.hibernate.type.BinaryType@2b352ba5
23:01:02.290 logback [restartedMain] INFO  org.hibernate.type.BasicTypeRegistry - HHH000270: Type registration [[B] overrides previous : org.hibernate.type.BinaryType@2b352ba5
23:01:02.290 logback [restartedMain] INFO  org.hibernate.type.BasicTypeRegistry - HHH000270: Type registration [Byte[]] overrides previous : org.hibernate.type.WrapperBinaryType@5ed870a3
23:01:02.290 logback [restartedMain] INFO  org.hibernate.type.BasicTypeRegistry - HHH000270: Type registration [[Ljava.lang.Byte;] overrides previous : org.hibernate.type.WrapperBinaryType@5ed870a3
23:01:02.312 logback [restartedMain] INFO  o.s.o.j.LocalContainerEntityManagerFactoryBean - Initialized JPA EntityManagerFactory for persistence unit 'slave1PersistenceUnit'
23:01:02.312 logback [restartedMain] INFO  o.s.c.s.PostProcessorRegistrationDelegate$BeanPostProcessorChecker - Bean 'slave1EntityManagerFactory' of type [org.springframework.orm.jpa.LocalContainerEntityManagerFactoryBean] is not eligible for getting processed by all BeanPostProcessors (for example: not eligible for auto-proxying)
23:01:02.312 logback [restartedMain] INFO  o.s.c.s.PostProcessorRegistrationDelegate$BeanPostProcessorChecker - Bean 'slave1EntityManagerFactory' of type [com.sun.proxy.$Proxy99] is not eligible for getting processed by all BeanPostProcessors (for example: not eligible for auto-proxying)
23:01:02.367 logback [restartedMain] INFO  o.s.c.s.PostProcessorRegistrationDelegate$BeanPostProcessorChecker - Bean 'jpaMappingContext' of type [org.springframework.data.jpa.repository.config.JpaMetamodelMappingContextFactoryBean] is not eligible for getting processed by all BeanPostProcessors (for example: not eligible for auto-proxying)
23:01:02.367 logback [restartedMain] INFO  o.s.c.s.PostProcessorRegistrationDelegate$BeanPostProcessorChecker - Bean 'jpaMappingContext' of type [org.springframework.data.jpa.mapping.JpaMetamodelMappingContext] is not eligible for getting processed by all BeanPostProcessors (for example: not eligible for auto-proxying)
23:01:02.544 logback [restartedMain] INFO  o.s.c.s.PostProcessorRegistrationDelegate$BeanPostProcessorChecker - Bean 'userInfoDao' of type [org.springframework.data.jpa.repository.support.JpaRepositoryFactoryBean] is not eligible for getting processed by all BeanPostProcessors (for example: not eligible for auto-proxying)
23:01:02.544 logback [restartedMain] INFO  o.s.c.s.PostProcessorRegistrationDelegate$BeanPostProcessorChecker - Bean 'userInfoDao' of type [com.sun.proxy.$Proxy103] is not eligible for getting processed by all BeanPostProcessors (for example: not eligible for auto-proxying)
23:01:02.547 logback [restartedMain] INFO  o.s.c.s.PostProcessorRegistrationDelegate$BeanPostProcessorChecker - Bean 'userInfoServiceImpl' of type [com.fhzz.springbootdemo.service.shiro.impl.UserInfoServiceImpl] is not eligible for getting processed by all BeanPostProcessors (for example: not eligible for auto-proxying)
23:01:02.547 logback [restartedMain] INFO  o.s.c.s.PostProcessorRegistrationDelegate$BeanPostProcessorChecker - Bean 'myShiroRealm' of type [com.fhzz.springbootdemo.configuration.shiro.MyShiroRealm] is not eligible for getting processed by all BeanPostProcessors (for example: not eligible for auto-proxying)
23:01:02.553 logback [restartedMain] INFO  o.s.c.s.PostProcessorRegistrationDelegate$BeanPostProcessorChecker - Bean 'securityManager' of type [org.apache.shiro.web.mgt.DefaultWebSecurityManager] is not eligible for getting processed by all BeanPostProcessors (for example: not eligible for auto-proxying)
23:01:02.563 logback [restartedMain] INFO  o.s.c.s.PostProcessorRegistrationDelegate$BeanPostProcessorChecker - Bean 'authorizationAttributeSourceAdvisor' of type [org.apache.shiro.spring.security.interceptor.AuthorizationAttributeSourceAdvisor] is not eligible for getting processed by all BeanPostProcessors (for example: not eligible for auto-proxying)
23:01:02.568 logback [restartedMain] INFO  o.s.c.s.PostProcessorRegistrationDelegate$BeanPostProcessorChecker - Bean 'org.springframework.transaction.annotation.ProxyTransactionManagementConfiguration' of type [org.springframework.transaction.annotation.ProxyTransactionManagementConfiguration$$EnhancerBySpringCGLIB$$c20cfe78] is not eligible for getting processed by all BeanPostProcessors (for example: not eligible for auto-proxying)
23:01:03.109 logback [restartedMain] INFO  o.s.b.w.e.tomcat.TomcatWebServer - Tomcat initialized with port(s): 8080 (http)
23:01:03.121 logback [restartedMain] INFO  o.a.coyote.http11.Http11NioProtocol - Initializing ProtocolHandler ["http-nio-8080"]
23:01:03.130 logback [restartedMain] INFO  o.a.catalina.core.StandardService - Starting service [Tomcat]
23:01:03.130 logback [restartedMain] INFO  o.a.catalina.core.StandardEngine - Starting Servlet Engine: Apache Tomcat/8.5.32
23:01:03.137 logback [localhost-startStop-1] INFO  o.a.c.core.AprLifecycleListener - The APR based Apache Tomcat Native library which allows optimal performance in production environments was not found on the java.library.path: [D:\Java\jdk1.8\bin;C:\WINDOWS\Sun\Java\bin;C:\WINDOWS\system32;C:\WINDOWS;C:\Windows\system32;C:\Windows;C:\Windows\System32\Wbem;C:\Windows\System32\WindowsPowerShell\v1.0\;C:\Program Files (x86)\NVIDIA Corporation\PhysX\Common;C:\Program Files\Intel\WiFi\bin\;C:\Program Files\Common Files\Intel\WirelessCommon\;C:\WINDOWS\system32;C:\WINDOWS;C:\WINDOWS\System32\Wbem;C:\WINDOWS\System32\WindowsPowerShell\v1.0\;C:\WINDOWS\System32\OpenSSH\;C:\Program Files\Git\cmd;C:\Program Files\TortoiseGit\bin;D:\Java\jdk1.8\bin;D:\Java\jdk1.8\jre\bin;D:\apache-maven-3.5.2\bin;C:\Users\Administrator\AppData\Local\Microsoft\WindowsApps;C:\Program Files\Intel\WiFi\bin\;C:\Program Files\Common Files\Intel\WirelessCommon\;;.]
23:01:03.228 logback [localhost-startStop-1] INFO  o.a.c.c.C.[Tomcat].[localhost].[/] - Initializing Spring embedded WebApplicationContext
23:01:03.228 logback [localhost-startStop-1] INFO  o.s.web.context.ContextLoader - Root WebApplicationContext: initialization completed in 4377 ms
23:01:03.819 logback [localhost-startStop-1] INFO  o.s.b.w.s.FilterRegistrationBean - Mapping filter: 'characterEncodingFilter' to: [/*]
23:01:03.819 logback [localhost-startStop-1] INFO  o.s.b.w.s.FilterRegistrationBean - Mapping filter: 'webMvcMetricsFilter' to: [/*]
23:01:03.819 logback [localhost-startStop-1] INFO  o.s.b.w.s.FilterRegistrationBean - Mapping filter: 'hiddenHttpMethodFilter' to: [/*]
23:01:03.819 logback [localhost-startStop-1] INFO  o.s.b.w.s.FilterRegistrationBean - Mapping filter: 'httpPutFormContentFilter' to: [/*]
23:01:03.819 logback [localhost-startStop-1] INFO  o.s.b.w.s.FilterRegistrationBean - Mapping filter: 'requestContextFilter' to: [/*]
23:01:03.819 logback [localhost-startStop-1] INFO  o.s.b.w.s.FilterRegistrationBean - Mapping filter: 'httpTraceFilter' to: [/*]
23:01:03.819 logback [localhost-startStop-1] INFO  o.s.b.w.s.FilterRegistrationBean - Mapping filter: 'webStatFilter' to urls: [/*]
23:01:03.820 logback [localhost-startStop-1] INFO  o.s.b.w.s.FilterRegistrationBean - Mapping filter: 'shiroFilter' to: [/*]
23:01:03.820 logback [localhost-startStop-1] INFO  o.s.b.w.s.ServletRegistrationBean - Servlet statViewServlet mapped to [/druid/*]
23:01:03.820 logback [localhost-startStop-1] INFO  o.s.b.w.s.ServletRegistrationBean - Servlet dispatcherServlet mapped to [/]
23:01:03.821 logback [localhost-startStop-1] INFO  o.s.b.w.s.ServletRegistrationBean - Servlet statViewServlet mapped to [/druid/*]
23:01:03.821 logback [localhost-startStop-1] INFO  o.s.b.web.servlet.RegistrationBean - Servlet statViewServlet was not registered (possibly already registered?)
23:01:04.219 logback [restartedMain] INFO  o.s.w.s.h.SimpleUrlHandlerMapping - Mapped URL path [/**/favicon.ico] onto handler of type [class org.springframework.web.servlet.resource.ResourceHttpRequestHandler]
23:01:04.432 logback [restartedMain] INFO  o.s.w.s.m.m.a.RequestMappingHandlerAdapter - Looking for @ControllerAdvice: org.springframework.boot.web.servlet.context.AnnotationConfigServletWebServerApplicationContext@5e4091a7: startup date [Sun Sep 09 23:00:58 CST 2018]; root of context hierarchy
23:01:04.467 logback [restartedMain] WARN  o.s.b.a.o.j.JpaBaseConfiguration$JpaWebConfiguration$JpaWebMvcConfiguration - spring.jpa.open-in-view is enabled by default. Therefore, database queries may be performed during view rendering. Explicitly configure spring.jpa.open-in-view to disable this warning
23:01:04.494 logback [restartedMain] INFO  o.s.w.s.m.m.a.RequestMappingHandlerMapping - Mapped "{[/demo/bootstrap/bootstrapDemo]}" onto public java.lang.String com.fhzz.springbootdemo.controller.demo.bootstratp.BootstrapController.index(org.springframework.ui.Model)
23:01:04.494 logback [restartedMain] INFO  o.s.w.s.m.m.a.RequestMappingHandlerMapping - Mapped "{[/demo/druid/getAllByMasterJpa]}" onto public java.util.List<com.fhzz.springbootdemo.entity.master.OracleDemoTable> com.fhzz.springbootdemo.controller.demo.druid.DruidRestController.getAllByMasterJpa()
23:01:04.495 logback [restartedMain] INFO  o.s.w.s.m.m.a.RequestMappingHandlerMapping - Mapped "{[/demo/druid/getAllByMasterMybatis]}" onto public java.util.List<com.fhzz.springbootdemo.entity.master.OracleDemoTable> com.fhzz.springbootdemo.controller.demo.druid.DruidRestController.getAllByMasterMybatis()
23:01:04.495 logback [restartedMain] INFO  o.s.w.s.m.m.a.RequestMappingHandlerMapping - Mapped "{[/demo/druid/getAllBySlave1Jpa]}" onto public java.util.List<com.fhzz.springbootdemo.entity.slave1.MysqlDemoTable> com.fhzz.springbootdemo.controller.demo.druid.DruidRestController.getAllBySlave1Jpa()
23:01:04.495 logback [restartedMain] INFO  o.s.w.s.m.m.a.RequestMappingHandlerMapping - Mapped "{[/demo/druid/getAllBySlave1Mybatis]}" onto public java.util.List<com.fhzz.springbootdemo.entity.slave1.MysqlDemoTable> com.fhzz.springbootdemo.controller.demo.druid.DruidRestController.getAllBySlave1Mybatis()
23:01:04.495 logback [restartedMain] INFO  o.s.w.s.m.m.a.RequestMappingHandlerMapping - Mapped "{[/demo/index/index]}" onto public java.lang.String com.fhzz.springbootdemo.controller.demo.index.IndexController.index(org.springframework.ui.Model)
23:01:04.496 logback [restartedMain] INFO  o.s.w.s.m.m.a.RequestMappingHandlerMapping - Mapped "{[/demo/jpa/openList]}" onto public java.lang.String com.fhzz.springbootdemo.controller.demo.jpa.JpaController.list(org.springframework.ui.Model)
23:01:04.497 logback [restartedMain] INFO  o.s.w.s.m.m.a.RequestMappingHandlerMapping - Mapped "{[/demo/jpa/toAdd]}" onto public java.lang.String com.fhzz.springbootdemo.controller.demo.jpa.JpaController.toAdd()
23:01:04.497 logback [restartedMain] INFO  o.s.w.s.m.m.a.RequestMappingHandlerMapping - Mapped "{[/demo/jpa/openMainContent]}" onto public java.lang.String com.fhzz.springbootdemo.controller.demo.jpa.JpaController.openMainContent()
23:01:04.497 logback [restartedMain] INFO  o.s.w.s.m.m.a.RequestMappingHandlerMapping - Mapped "{[/demo/jpa/openIntro]}" onto public java.lang.String com.fhzz.springbootdemo.controller.demo.jpa.JpaController.openIntro()
23:01:04.497 logback [restartedMain] INFO  o.s.w.s.m.m.a.RequestMappingHandlerMapping - Mapped "{[/demo/jpa/toEdit]}" onto public java.lang.String com.fhzz.springbootdemo.controller.demo.jpa.JpaController.toEdit(org.springframework.ui.Model,java.lang.String)
23:01:04.497 logback [restartedMain] INFO  o.s.w.s.m.m.a.RequestMappingHandlerMapping - Mapped "{[/demo/jpa/delete]}" onto public java.util.Map<java.lang.String, java.lang.Object> com.fhzz.springbootdemo.controller.demo.jpa.JpaRestController.delete(java.lang.String)
23:01:04.497 logback [restartedMain] INFO  o.s.w.s.m.m.a.RequestMappingHandlerMapping - Mapped "{[/demo/jpa/queryList]}" onto public java.util.Map<java.lang.String, java.lang.Object> com.fhzz.springbootdemo.controller.demo.jpa.JpaRestController.list(com.fhzz.springbootdemo.entity.master.OracleDemoTable)
23:01:04.497 logback [restartedMain] INFO  o.s.w.s.m.m.a.RequestMappingHandlerMapping - Mapped "{[/demo/jpa/add]}" onto public java.util.Map<java.lang.String, java.lang.Object> com.fhzz.springbootdemo.controller.demo.jpa.JpaRestController.save(com.fhzz.springbootdemo.entity.master.OracleDemoTable) throws java.lang.Exception
23:01:04.497 logback [restartedMain] INFO  o.s.w.s.m.m.a.RequestMappingHandlerMapping - Mapped "{[/demo/jpa/edit]}" onto public java.util.Map<java.lang.String, java.lang.Object> com.fhzz.springbootdemo.controller.demo.jpa.JpaRestController.edit(com.fhzz.springbootdemo.entity.master.OracleDemoTable)
23:01:04.500 logback [restartedMain] INFO  o.s.w.s.m.m.a.RequestMappingHandlerMapping - Mapped "{[/demo/logback/openMainContent]}" onto public java.lang.String com.fhzz.springbootdemo.controller.demo.logback.LogbackController.openMainContent()
23:01:04.500 logback [restartedMain] INFO  o.s.w.s.m.m.a.RequestMappingHandlerMapping - Mapped "{[/demo/logback/openIntro]}" onto public java.lang.String com.fhzz.springbootdemo.controller.demo.logback.LogbackController.openIntro()
23:01:04.500 logback [restartedMain] INFO  o.s.w.s.m.m.a.RequestMappingHandlerMapping - Mapped "{[/demo/logback/openExample]}" onto public java.lang.String com.fhzz.springbootdemo.controller.demo.logback.LogbackController.openExample()
23:01:04.500 logback [restartedMain] INFO  o.s.w.s.m.m.a.RequestMappingHandlerMapping - Mapped "{[/demo/logback/pringAllLogs]}" onto public java.lang.String com.fhzz.springbootdemo.controller.demo.logback.LogbackController.pringAllLogs()
23:01:04.501 logback [restartedMain] INFO  o.s.w.s.m.m.a.RequestMappingHandlerMapping - Mapped "{[/demo/mybatis/openPagehelperExample]}" onto public java.lang.String com.fhzz.springbootdemo.controller.demo.mybatis.MyBatisController.openPagehelperExample(org.springframework.ui.Model)
23:01:04.501 logback [restartedMain] INFO  o.s.w.s.m.m.a.RequestMappingHandlerMapping - Mapped "{[/demo/mybatis/openMainContent]}" onto public java.lang.String com.fhzz.springbootdemo.controller.demo.mybatis.MyBatisController.openMainContent()
23:01:04.501 logback [restartedMain] INFO  o.s.w.s.m.m.a.RequestMappingHandlerMapping - Mapped "{[/demo/mybatis/openIntro]}" onto public java.lang.String com.fhzz.springbootdemo.controller.demo.mybatis.MyBatisController.openIntro()
23:01:04.501 logback [restartedMain] INFO  o.s.w.s.m.m.a.RequestMappingHandlerMapping - Mapped "{[/demo/mybatis/queryList]}" onto public java.util.Map<java.lang.String, java.lang.Object> com.fhzz.springbootdemo.controller.demo.mybatis.MyBatisController.queryList(com.fhzz.springbootdemo.entity.master.OracleDemoTable)
23:01:04.501 logback [restartedMain] INFO  o.s.w.s.m.m.a.RequestMappingHandlerMapping - Mapped "{[/demo/mybatis/openListExample]}" onto public java.lang.String com.fhzz.springbootdemo.controller.demo.mybatis.MyBatisController.openListExample(org.springframework.ui.Model)
23:01:04.501 logback [restartedMain] INFO  o.s.w.s.m.m.a.RequestMappingHandlerMapping - Mapped "{[/demo/mybatis/queryPagedList]}" onto public com.github.pagehelper.PageInfo<com.fhzz.springbootdemo.entity.master.OracleDemoTable> com.fhzz.springbootdemo.controller.demo.mybatis.MyBatisController.queryPagedList(com.fhzz.springbootdemo.entity.master.OracleDemoTable,int,int)
23:01:04.502 logback [restartedMain] INFO  o.s.w.s.m.m.a.RequestMappingHandlerMapping - Mapped "{[/demo/shiro/openShiroThymeleaf]}" onto public java.lang.String com.fhzz.springbootdemo.controller.demo.shiro.ShiroController.openShiroThymeleaf()
23:01:04.502 logback [restartedMain] INFO  o.s.w.s.m.m.a.RequestMappingHandlerMapping - Mapped "{[/demo/shiro/openMainContent]}" onto public java.lang.String com.fhzz.springbootdemo.controller.demo.shiro.ShiroController.openMainContent()
23:01:04.502 logback [restartedMain] INFO  o.s.w.s.m.m.a.RequestMappingHandlerMapping - Mapped "{[/demo/shiro/openIntro]}" onto public java.lang.String com.fhzz.springbootdemo.controller.demo.shiro.ShiroController.openIntro()
23:01:04.502 logback [restartedMain] INFO  o.s.w.s.m.m.a.RequestMappingHandlerMapping - Mapped "{[/userInfo/userList]}" onto public java.lang.String com.fhzz.springbootdemo.controller.demo.shiro.UserInfoController.userInfo()
23:01:04.503 logback [restartedMain] INFO  o.s.w.s.m.m.a.RequestMappingHandlerMapping - Mapped "{[/userInfo/userAdd]}" onto public java.lang.String com.fhzz.springbootdemo.controller.demo.shiro.UserInfoController.userInfoAdd()
23:01:04.503 logback [restartedMain] INFO  o.s.w.s.m.m.a.RequestMappingHandlerMapping - Mapped "{[/userInfo/userDel]}" onto public java.lang.String com.fhzz.springbootdemo.controller.demo.shiro.UserInfoController.userDel()
23:01:04.503 logback [restartedMain] INFO  o.s.w.s.m.m.a.RequestMappingHandlerMapping - Mapped "{[/demo/thymeleaf/openMainContent]}" onto public java.lang.String com.fhzz.springbootdemo.controller.demo.thymeleaf.ThymeleafController.openMainContent()
23:01:04.503 logback [restartedMain] INFO  o.s.w.s.m.m.a.RequestMappingHandlerMapping - Mapped "{[/demo/thymeleaf/openIntro]}" onto public java.lang.String com.fhzz.springbootdemo.controller.demo.thymeleaf.ThymeleafController.openIntro()
23:01:04.504 logback [restartedMain] INFO  o.s.w.s.m.m.a.RequestMappingHandlerMapping - Mapped "{[/demo/thymeleaf/openLayout]}" onto public java.lang.String com.fhzz.springbootdemo.controller.demo.thymeleaf.ThymeleafController.openLayout()
23:01:04.504 logback [restartedMain] INFO  o.s.w.s.m.m.a.RequestMappingHandlerMapping - Mapped "{[/demo/thymeleaf/openThLabel]}" onto public java.lang.String com.fhzz.springbootdemo.controller.demo.thymeleaf.ThymeleafController.openThLabel()
23:01:04.504 logback [restartedMain] INFO  o.s.w.s.m.m.a.RequestMappingHandlerMapping - Mapped "{[/demo/thymeleaf/openUsage]}" onto public java.lang.String com.fhzz.springbootdemo.controller.demo.thymeleaf.ThymeleafController.openUsage()
23:01:04.504 logback [restartedMain] INFO  o.s.w.s.m.m.a.RequestMappingHandlerMapping - Mapped "{[/demo/thymeleaf/openExpress]}" onto public java.lang.String com.fhzz.springbootdemo.controller.demo.thymeleaf.ThymeleafController.openExpress()
23:01:04.504 logback [restartedMain] INFO  o.s.w.s.m.m.a.RequestMappingHandlerMapping - Mapped "{[/ || /index]}" onto public java.lang.String com.fhzz.springbootdemo.controller.shiro.LoginController.index()
23:01:04.504 logback [restartedMain] INFO  o.s.w.s.m.m.a.RequestMappingHandlerMapping - Mapped "{[/403]}" onto public java.lang.String com.fhzz.springbootdemo.controller.shiro.LoginController.unauthorizedRole()
23:01:04.504 logback [restartedMain] INFO  o.s.w.s.m.m.a.RequestMappingHandlerMapping - Mapped "{[/login]}" onto public java.lang.String com.fhzz.springbootdemo.controller.shiro.LoginController.login(javax.servlet.http.HttpServletRequest,java.util.Map<java.lang.String, java.lang.Object>) throws java.lang.Exception
23:01:04.506 logback [restartedMain] INFO  o.s.w.s.m.m.a.RequestMappingHandlerMapping - Mapped "{[/error]}" onto public org.springframework.http.ResponseEntity<java.util.Map<java.lang.String, java.lang.Object>> org.springframework.boot.autoconfigure.web.servlet.error.BasicErrorController.error(javax.servlet.http.HttpServletRequest)
23:01:04.507 logback [restartedMain] INFO  o.s.w.s.m.m.a.RequestMappingHandlerMapping - Mapped "{[/error],produces=[text/html]}" onto public org.springframework.web.servlet.ModelAndView org.springframework.boot.autoconfigure.web.servlet.error.BasicErrorController.errorHtml(javax.servlet.http.HttpServletRequest,javax.servlet.http.HttpServletResponse)
23:01:04.534 logback [restartedMain] INFO  o.s.w.s.h.SimpleUrlHandlerMapping - Mapped URL path [/webjars/**] onto handler of type [class org.springframework.web.servlet.resource.ResourceHttpRequestHandler]
23:01:04.534 logback [restartedMain] INFO  o.s.w.s.h.SimpleUrlHandlerMapping - Mapped URL path [/**] onto handler of type [class org.springframework.web.servlet.resource.ResourceHttpRequestHandler]
23:01:04.591 logback [restartedMain] WARN  o.t.templatemode.TemplateMode - [THYMELEAF][restartedMain] Template Mode 'LEGACYHTML5' is deprecated. Using Template Mode 'HTML' instead.
23:01:04.976 logback [restartedMain] INFO  o.s.b.d.a.OptionalLiveReloadServer - LiveReload server is running on port 35729
23:01:04.989 logback [restartedMain] INFO  o.s.b.a.e.web.EndpointLinksResolver - Exposing 2 endpoint(s) beneath base path '/actuator'
23:01:04.997 logback [restartedMain] INFO  o.s.b.a.e.w.s.WebMvcEndpointHandlerMapping - Mapped "{[/actuator/health],methods=[GET],produces=[application/vnd.spring-boot.actuator.v2+json || application/json]}" onto public java.lang.Object org.springframework.boot.actuate.endpoint.web.servlet.AbstractWebMvcEndpointHandlerMapping$OperationHandler.handle(javax.servlet.http.HttpServletRequest,java.util.Map<java.lang.String, java.lang.String>)
23:01:04.998 logback [restartedMain] INFO  o.s.b.a.e.w.s.WebMvcEndpointHandlerMapping - Mapped "{[/actuator/info],methods=[GET],produces=[application/vnd.spring-boot.actuator.v2+json || application/json]}" onto public java.lang.Object org.springframework.boot.actuate.endpoint.web.servlet.AbstractWebMvcEndpointHandlerMapping$OperationHandler.handle(javax.servlet.http.HttpServletRequest,java.util.Map<java.lang.String, java.lang.String>)
23:01:04.998 logback [restartedMain] INFO  o.s.b.a.e.w.s.WebMvcEndpointHandlerMapping - Mapped "{[/actuator],methods=[GET],produces=[application/vnd.spring-boot.actuator.v2+json || application/json]}" onto protected java.util.Map<java.lang.String, java.util.Map<java.lang.String, org.springframework.boot.actuate.endpoint.web.Link>> org.springframework.boot.actuate.endpoint.web.servlet.WebMvcEndpointHandlerMapping.links(javax.servlet.http.HttpServletRequest,javax.servlet.http.HttpServletResponse)
23:01:05.049 logback [restartedMain] INFO  o.s.j.e.a.AnnotationMBeanExporter - Registering beans for JMX exposure on startup
23:01:05.050 logback [restartedMain] INFO  o.s.j.e.a.AnnotationMBeanExporter - Bean with name 'masterDataSource' has been autodetected for JMX exposure
23:01:05.050 logback [restartedMain] INFO  o.s.j.e.a.AnnotationMBeanExporter - Bean with name 'slave1DataSource' has been autodetected for JMX exposure
23:01:05.051 logback [restartedMain] INFO  o.s.j.e.a.AnnotationMBeanExporter - Bean with name 'statFilter' has been autodetected for JMX exposure
23:01:05.054 logback [restartedMain] INFO  o.s.j.e.a.AnnotationMBeanExporter - Located MBean 'masterDataSource': registering with JMX server as MBean [com.alibaba.druid.pool:name=masterDataSource,type=DruidDataSource]
23:01:05.055 logback [restartedMain] INFO  o.s.j.e.a.AnnotationMBeanExporter - Located MBean 'slave1DataSource': registering with JMX server as MBean [com.alibaba.druid.pool:name=slave1DataSource,type=DruidDataSource]
23:01:05.056 logback [restartedMain] INFO  o.s.j.e.a.AnnotationMBeanExporter - Located MBean 'statFilter': registering with JMX server as MBean [com.alibaba.druid.filter.stat:name=statFilter,type=StatFilter]
23:01:05.067 logback [restartedMain] INFO  o.a.coyote.http11.Http11NioProtocol - Starting ProtocolHandler ["http-nio-8080"]
23:01:05.075 logback [restartedMain] INFO  o.a.tomcat.util.net.NioSelectorPool - Using a shared selector for servlet write/read
23:01:05.086 logback [restartedMain] INFO  o.s.b.w.e.tomcat.TomcatWebServer - Tomcat started on port(s): 8080 (http) with context path ''
23:01:05.088 logback [restartedMain] INFO  c.f.s.SpringBootDemoApplication - Started SpringBootDemoApplication in 6.621 seconds (JVM running for 7.025)
23:02:27.909 logback [http-nio-8080-exec-1] INFO  o.a.c.c.C.[Tomcat].[localhost].[/] - Initializing Spring FrameworkServlet 'dispatcherServlet'
23:02:27.909 logback [http-nio-8080-exec-1] INFO  o.s.web.servlet.DispatcherServlet - FrameworkServlet 'dispatcherServlet': initialization started
23:02:27.927 logback [http-nio-8080-exec-1] INFO  o.s.web.servlet.DispatcherServlet - FrameworkServlet 'dispatcherServlet': initialization completed in 18 ms
23:02:48.008 logback [http-nio-8080-exec-5] INFO  o.h.h.i.QueryTranslatorFactoryInitiator - HHH000397: Using ASTQueryTranslatorFactory
23:02:51.087 logback [http-nio-8080-exec-1] INFO  c.f.s.c.d.logback.LogbackController - 日志输出 info
23:02:51.088 logback [http-nio-8080-exec-1] WARN  c.f.s.c.d.logback.LogbackController - 日志输出 warn
23:02:51.088 logback [http-nio-8080-exec-1] ERROR c.f.s.c.d.logback.LogbackController - 日志输出 error
23:08:15.333 logback [http-nio-8080-exec-8] DEBUG c.f.s.d.m.d.m.M.findByContentOrNum - ==>  Preparing: SELECT ID, CONTENT, NUM, CREATE_TIME FROM ORACLE_DEMO_TABLE WHERE 1=1 
23:08:15.339 logback [http-nio-8080-exec-8] DEBUG c.f.s.d.m.d.m.M.findByContentOrNum - ==> Parameters: 
23:08:15.355 logback [http-nio-8080-exec-8] DEBUG c.f.s.d.m.d.m.M.findByContentOrNum - <==      Total: 2
