14:57:39.778 logback [restartedMain] INFO  c.f.s.SpringBootDemoApplication - Starting SpringBootDemoApplication on DELL-G3 with PID 9948 (D:\MyEclipseWorkspaces2017\spring-boot-demo\target\classes started by Administrator in D:\MyEclipseWorkspaces2017\spring-boot-demo)
14:57:39.779 logback [restartedMain] DEBUG c.f.s.SpringBootDemoApplication - Running with Spring Boot v2.0.4.RELEASE, Spring v5.0.8.RELEASE
14:57:39.780 logback [restartedMain] INFO  c.f.s.SpringBootDemoApplication - The following profiles are active: fhzz
14:57:39.822 logback [restartedMain] INFO  o.s.b.w.s.c.AnnotationConfigServletWebServerApplicationContext - Refreshing org.springframework.boot.web.servlet.context.AnnotationConfigServletWebServerApplicationContext@1724378e: startup date [Wed Sep 12 14:57:39 CST 2018]; root of context hierarchy
14:57:40.719 logback [restartedMain] INFO  o.s.b.f.s.DefaultListableBeanFactory - Overriding bean definition for bean 'statFilter' with a different definition: replacing [Root bean: class [null]; scope=; abstract=false; lazyInit=false; autowireMode=3; dependencyCheck=0; autowireCandidate=true; primary=false; factoryBeanName=druidConfiguration; factoryMethodName=statFilter; initMethodName=null; destroyMethodName=(inferred); defined in class path resource [com/fhzz/springbootdemo/configuration/druid/DruidConfiguration.class]] with [Root bean: class [null]; scope=; abstract=false; lazyInit=false; autowireMode=3; dependencyCheck=0; autowireCandidate=true; primary=false; factoryBeanName=com.alibaba.druid.spring.boot.autoconfigure.stat.DruidFilterConfiguration; factoryMethodName=statFilter; initMethodName=null; destroyMethodName=(inferred); defined in class path resource [com/alibaba/druid/spring/boot/autoconfigure/stat/DruidFilterConfiguration.class]]
14:57:41.269 logback [restartedMain] INFO  o.s.c.s.PostProcessorRegistrationDelegate$BeanPostProcessorChecker - Bean 'shiroConfig' of type [com.fhzz.springbootdemo.configuration.shiro.ShiroConfig$$EnhancerBySpringCGLIB$$dbfb16db] is not eligible for getting processed by all BeanPostProcessors (for example: not eligible for auto-proxying)
14:57:41.547 logback [restartedMain] INFO  o.s.c.s.PostProcessorRegistrationDelegate$BeanPostProcessorChecker - Bean 'hashedCredentialsMatcher' of type [org.apache.shiro.authc.credential.HashedCredentialsMatcher] is not eligible for getting processed by all BeanPostProcessors (for example: not eligible for auto-proxying)
14:57:41.574 logback [restartedMain] INFO  o.s.c.s.PostProcessorRegistrationDelegate$BeanPostProcessorChecker - Bean '(inner bean)#46f3eb7d' of type [org.springframework.beans.factory.config.PropertiesFactoryBean] is not eligible for getting processed by all BeanPostProcessors (for example: not eligible for auto-proxying)
14:57:41.574 logback [restartedMain] INFO  o.s.c.s.PostProcessorRegistrationDelegate$BeanPostProcessorChecker - Bean '(inner bean)#46f3eb7d' of type [java.util.Properties] is not eligible for getting processed by all BeanPostProcessors (for example: not eligible for auto-proxying)
14:57:41.576 logback [restartedMain] INFO  o.s.c.s.PostProcessorRegistrationDelegate$BeanPostProcessorChecker - Bean '(inner bean)#6a93a4a0' of type [org.springframework.data.repository.core.support.PropertiesBasedNamedQueries] is not eligible for getting processed by all BeanPostProcessors (for example: not eligible for auto-proxying)
14:57:41.580 logback [restartedMain] INFO  o.s.c.s.PostProcessorRegistrationDelegate$BeanPostProcessorChecker - Bean '(inner bean)#2fc6023' of type [org.springframework.data.repository.core.support.RepositoryFragmentsFactoryBean] is not eligible for getting processed by all BeanPostProcessors (for example: not eligible for auto-proxying)
14:57:41.581 logback [restartedMain] INFO  o.s.c.s.PostProcessorRegistrationDelegate$BeanPostProcessorChecker - Bean '(inner bean)#2fc6023' of type [org.springframework.data.repository.core.support.RepositoryComposition$RepositoryFragments] is not eligible for getting processed by all BeanPostProcessors (for example: not eligible for auto-proxying)
14:57:41.587 logback [restartedMain] INFO  o.s.c.s.PostProcessorRegistrationDelegate$BeanPostProcessorChecker - Bean '(inner bean)#77da292a' of type [org.springframework.data.repository.query.ExtensionAwareEvaluationContextProvider] is not eligible for getting processed by all BeanPostProcessors (for example: not eligible for auto-proxying)
14:57:41.597 logback [restartedMain] INFO  o.s.c.s.PostProcessorRegistrationDelegate$BeanPostProcessorChecker - Bean 'druidDataSourceBuilder' of type [com.fhzz.springbootdemo.configuration.datasource.DruidDataSourceBuilder] is not eligible for getting processed by all BeanPostProcessors (for example: not eligible for auto-proxying)
14:57:41.611 logback [restartedMain] INFO  o.s.c.s.PostProcessorRegistrationDelegate$BeanPostProcessorChecker - Bean 'org.springframework.boot.context.properties.ConversionServiceDeducer$Factory' of type [org.springframework.boot.context.properties.ConversionServiceDeducer$Factory] is not eligible for getting processed by all BeanPostProcessors (for example: not eligible for auto-proxying)
14:57:41.613 logback [restartedMain] INFO  o.s.c.s.PostProcessorRegistrationDelegate$BeanPostProcessorChecker - Bean 'spring.jpa-org.springframework.boot.autoconfigure.orm.jpa.JpaProperties' of type [org.springframework.boot.autoconfigure.orm.jpa.JpaProperties] is not eligible for getting processed by all BeanPostProcessors (for example: not eligible for auto-proxying)
14:57:41.614 logback [restartedMain] INFO  o.s.c.s.PostProcessorRegistrationDelegate$BeanPostProcessorChecker - Bean 'dataSource1Config' of type [com.fhzz.springbootdemo.configuration.datasource.DataSource1Config$$EnhancerBySpringCGLIB$$e3bf3774] is not eligible for getting processed by all BeanPostProcessors (for example: not eligible for auto-proxying)
14:57:41.639 logback [restartedMain] WARN  c.a.d.pool.DruidAbstractDataSource - oracle.jdbc.driver.OracleDriver is deprecated.Having use oracle.jdbc.OracleDriver.
14:57:41.752 logback [restartedMain] INFO  o.s.c.s.PostProcessorRegistrationDelegate$BeanPostProcessorChecker - Bean 'masterDataSource' of type [com.alibaba.druid.pool.DruidDataSource] is not eligible for getting processed by all BeanPostProcessors (for example: not eligible for auto-proxying)
14:57:41.774 logback [restartedMain] INFO  o.s.c.s.PostProcessorRegistrationDelegate$BeanPostProcessorChecker - Bean 'spring.datasource-org.springframework.boot.autoconfigure.jdbc.DataSourceProperties' of type [org.springframework.boot.autoconfigure.jdbc.DataSourceProperties] is not eligible for getting processed by all BeanPostProcessors (for example: not eligible for auto-proxying)
14:57:41.783 logback [restartedMain] INFO  o.s.c.s.PostProcessorRegistrationDelegate$BeanPostProcessorChecker - Bean 'org.springframework.boot.autoconfigure.jdbc.DataSourceInitializerInvoker' of type [org.springframework.boot.autoconfigure.jdbc.DataSourceInitializerInvoker] is not eligible for getting processed by all BeanPostProcessors (for example: not eligible for auto-proxying)
14:57:41.789 logback [restartedMain] INFO  o.s.c.s.PostProcessorRegistrationDelegate$BeanPostProcessorChecker - Bean 'org.springframework.boot.autoconfigure.transaction.TransactionAutoConfiguration' of type [org.springframework.boot.autoconfigure.transaction.TransactionAutoConfiguration$$EnhancerBySpringCGLIB$$4140456f] is not eligible for getting processed by all BeanPostProcessors (for example: not eligible for auto-proxying)
14:57:41.797 logback [restartedMain] INFO  o.s.c.s.PostProcessorRegistrationDelegate$BeanPostProcessorChecker - Bean 'spring.transaction-org.springframework.boot.autoconfigure.transaction.TransactionProperties' of type [org.springframework.boot.autoconfigure.transaction.TransactionProperties] is not eligible for getting processed by all BeanPostProcessors (for example: not eligible for auto-proxying)
14:57:41.800 logback [restartedMain] INFO  o.s.c.s.PostProcessorRegistrationDelegate$BeanPostProcessorChecker - Bean 'platformTransactionManagerCustomizers' of type [org.springframework.boot.autoconfigure.transaction.TransactionManagerCustomizers] is not eligible for getting processed by all BeanPostProcessors (for example: not eligible for auto-proxying)
14:57:41.806 logback [restartedMain] INFO  o.s.c.s.PostProcessorRegistrationDelegate$BeanPostProcessorChecker - Bean 'org.springframework.boot.autoconfigure.jdbc.metadata.DataSourcePoolMetadataProvidersConfiguration$HikariPoolDataSourceMetadataProviderConfiguration' of type [org.springframework.boot.autoconfigure.jdbc.metadata.DataSourcePoolMetadataProvidersConfiguration$HikariPoolDataSourceMetadataProviderConfiguration$$EnhancerBySpringCGLIB$$d237249] is not eligible for getting processed by all BeanPostProcessors (for example: not eligible for auto-proxying)
14:57:41.809 logback [restartedMain] INFO  o.s.c.s.PostProcessorRegistrationDelegate$BeanPostProcessorChecker - Bean 'hikariPoolDataSourceMetadataProvider' of type [org.springframework.boot.autoconfigure.jdbc.metadata.DataSourcePoolMetadataProvidersConfiguration$HikariPoolDataSourceMetadataProviderConfiguration$$Lambda$278/56782586] is not eligible for getting processed by all BeanPostProcessors (for example: not eligible for auto-proxying)
14:57:41.818 logback [restartedMain] INFO  o.s.c.s.PostProcessorRegistrationDelegate$BeanPostProcessorChecker - Bean 'org.springframework.boot.autoconfigure.orm.jpa.HibernateJpaConfiguration' of type [org.springframework.boot.autoconfigure.orm.jpa.HibernateJpaConfiguration$$EnhancerBySpringCGLIB$$cba30cd4] is not eligible for getting processed by all BeanPostProcessors (for example: not eligible for auto-proxying)
14:57:42.406 logback [restartedMain] INFO  c.alibaba.druid.pool.DruidDataSource - {dataSource-1} inited
14:57:42.414 logback [restartedMain] INFO  o.s.c.s.PostProcessorRegistrationDelegate$BeanPostProcessorChecker - Bean 'jpaVendorAdapter' of type [org.springframework.orm.jpa.vendor.HibernateJpaVendorAdapter] is not eligible for getting processed by all BeanPostProcessors (for example: not eligible for auto-proxying)
14:57:42.418 logback [restartedMain] INFO  o.s.c.s.PostProcessorRegistrationDelegate$BeanPostProcessorChecker - Bean 'entityManagerFactoryBuilder' of type [org.springframework.boot.orm.jpa.EntityManagerFactoryBuilder] is not eligible for getting processed by all BeanPostProcessors (for example: not eligible for auto-proxying)
14:57:42.445 logback [restartedMain] INFO  o.s.o.j.LocalContainerEntityManagerFactoryBean - Building JPA container EntityManagerFactory for persistence unit 'masterPersistenceUnit'
14:57:42.468 logback [restartedMain] INFO  o.h.jpa.internal.util.LogHelper - HHH000204: Processing PersistenceUnitInfo [
	name: masterPersistenceUnit
	...]
14:57:42.570 logback [restartedMain] INFO  org.hibernate.Version - HHH000412: Hibernate Core {5.2.17.Final}
14:57:42.571 logback [restartedMain] INFO  org.hibernate.cfg.Environment - HHH000206: hibernate.properties not found
14:57:42.619 logback [restartedMain] INFO  o.h.annotations.common.Version - HCANN000001: Hibernate Commons Annotations {5.0.1.Final}
14:57:42.790 logback [restartedMain] INFO  org.hibernate.dialect.Dialect - HHH000400: Using dialect: org.hibernate.dialect.Oracle12cDialect
14:57:42.851 logback [restartedMain] INFO  org.hibernate.type.BasicTypeRegistry - HHH000270: Type registration [byte[]] overrides previous : org.hibernate.type.BinaryType@1cff16ca
14:57:42.851 logback [restartedMain] INFO  org.hibernate.type.BasicTypeRegistry - HHH000270: Type registration [[B] overrides previous : org.hibernate.type.BinaryType@1cff16ca
14:57:42.852 logback [restartedMain] INFO  org.hibernate.type.BasicTypeRegistry - HHH000270: Type registration [Byte[]] overrides previous : org.hibernate.type.WrapperBinaryType@7da6f52b
14:57:42.852 logback [restartedMain] INFO  org.hibernate.type.BasicTypeRegistry - HHH000270: Type registration [[Ljava.lang.Byte;] overrides previous : org.hibernate.type.WrapperBinaryType@7da6f52b
14:57:43.016 logback [restartedMain] WARN  org.hibernate.id.UUIDHexGenerator - HHH000409: Using org.hibernate.id.UUIDHexGenerator which does not generate IETF RFC 4122 compliant UUID values; consider using org.hibernate.id.UUIDGenerator instead
14:57:43.341 logback [restartedMain] INFO  o.s.o.j.LocalContainerEntityManagerFactoryBean - Initialized JPA EntityManagerFactory for persistence unit 'masterPersistenceUnit'
14:57:43.342 logback [restartedMain] INFO  o.s.c.s.PostProcessorRegistrationDelegate$BeanPostProcessorChecker - Bean 'masterEntityManagerFactory' of type [org.springframework.orm.jpa.LocalContainerEntityManagerFactoryBean] is not eligible for getting processed by all BeanPostProcessors (for example: not eligible for auto-proxying)
14:57:43.343 logback [restartedMain] INFO  o.s.c.s.PostProcessorRegistrationDelegate$BeanPostProcessorChecker - Bean 'masterEntityManagerFactory' of type [com.sun.proxy.$Proxy99] is not eligible for getting processed by all BeanPostProcessors (for example: not eligible for auto-proxying)
14:57:43.355 logback [restartedMain] INFO  o.s.c.s.PostProcessorRegistrationDelegate$BeanPostProcessorChecker - Bean '(inner bean)#3f382b9' of type [com.sun.proxy.$Proxy100] is not eligible for getting processed by all BeanPostProcessors (for example: not eligible for auto-proxying)
14:57:43.365 logback [restartedMain] INFO  o.s.c.s.PostProcessorRegistrationDelegate$BeanPostProcessorChecker - Bean 'dataSource2Config' of type [com.fhzz.springbootdemo.configuration.datasource.DataSource2Config$$EnhancerBySpringCGLIB$$34093dd5] is not eligible for getting processed by all BeanPostProcessors (for example: not eligible for auto-proxying)
14:57:43.370 logback [restartedMain] INFO  o.s.c.s.PostProcessorRegistrationDelegate$BeanPostProcessorChecker - Bean 'slave1DataSource' of type [com.alibaba.druid.pool.DruidDataSource] is not eligible for getting processed by all BeanPostProcessors (for example: not eligible for auto-proxying)
14:57:43.373 logback [restartedMain] INFO  o.s.o.j.LocalContainerEntityManagerFactoryBean - Building JPA container EntityManagerFactory for persistence unit 'slave1PersistenceUnit'
14:57:43.373 logback [restartedMain] INFO  o.h.jpa.internal.util.LogHelper - HHH000204: Processing PersistenceUnitInfo [
	name: slave1PersistenceUnit
	...]
14:57:43.618 logback [restartedMain] INFO  c.alibaba.druid.pool.DruidDataSource - {dataSource-2} inited
14:57:43.618 logback [restartedMain] INFO  org.hibernate.dialect.Dialect - HHH000400: Using dialect: org.hibernate.dialect.Oracle12cDialect
14:57:43.628 logback [restartedMain] INFO  org.hibernate.type.BasicTypeRegistry - HHH000270: Type registration [byte[]] overrides previous : org.hibernate.type.BinaryType@1cff16ca
14:57:43.629 logback [restartedMain] INFO  org.hibernate.type.BasicTypeRegistry - HHH000270: Type registration [[B] overrides previous : org.hibernate.type.BinaryType@1cff16ca
14:57:43.629 logback [restartedMain] INFO  org.hibernate.type.BasicTypeRegistry - HHH000270: Type registration [Byte[]] overrides previous : org.hibernate.type.WrapperBinaryType@7da6f52b
14:57:43.629 logback [restartedMain] INFO  org.hibernate.type.BasicTypeRegistry - HHH000270: Type registration [[Ljava.lang.Byte;] overrides previous : org.hibernate.type.WrapperBinaryType@7da6f52b
14:57:43.647 logback [restartedMain] INFO  o.s.o.j.LocalContainerEntityManagerFactoryBean - Initialized JPA EntityManagerFactory for persistence unit 'slave1PersistenceUnit'
14:57:43.647 logback [restartedMain] INFO  o.s.c.s.PostProcessorRegistrationDelegate$BeanPostProcessorChecker - Bean 'slave1EntityManagerFactory' of type [org.springframework.orm.jpa.LocalContainerEntityManagerFactoryBean] is not eligible for getting processed by all BeanPostProcessors (for example: not eligible for auto-proxying)
14:57:43.647 logback [restartedMain] INFO  o.s.c.s.PostProcessorRegistrationDelegate$BeanPostProcessorChecker - Bean 'slave1EntityManagerFactory' of type [com.sun.proxy.$Proxy99] is not eligible for getting processed by all BeanPostProcessors (for example: not eligible for auto-proxying)
14:57:43.708 logback [restartedMain] INFO  o.s.c.s.PostProcessorRegistrationDelegate$BeanPostProcessorChecker - Bean 'jpaMappingContext' of type [org.springframework.data.jpa.repository.config.JpaMetamodelMappingContextFactoryBean] is not eligible for getting processed by all BeanPostProcessors (for example: not eligible for auto-proxying)
14:57:43.709 logback [restartedMain] INFO  o.s.c.s.PostProcessorRegistrationDelegate$BeanPostProcessorChecker - Bean 'jpaMappingContext' of type [org.springframework.data.jpa.mapping.JpaMetamodelMappingContext] is not eligible for getting processed by all BeanPostProcessors (for example: not eligible for auto-proxying)
14:57:43.903 logback [restartedMain] INFO  o.s.c.s.PostProcessorRegistrationDelegate$BeanPostProcessorChecker - Bean 'userInfoDao' of type [org.springframework.data.jpa.repository.support.JpaRepositoryFactoryBean] is not eligible for getting processed by all BeanPostProcessors (for example: not eligible for auto-proxying)
14:57:43.904 logback [restartedMain] INFO  o.s.c.s.PostProcessorRegistrationDelegate$BeanPostProcessorChecker - Bean 'userInfoDao' of type [com.sun.proxy.$Proxy103] is not eligible for getting processed by all BeanPostProcessors (for example: not eligible for auto-proxying)
14:57:43.906 logback [restartedMain] INFO  o.s.c.s.PostProcessorRegistrationDelegate$BeanPostProcessorChecker - Bean 'userInfoServiceImpl' of type [com.fhzz.springbootdemo.service.shiro.impl.UserInfoServiceImpl] is not eligible for getting processed by all BeanPostProcessors (for example: not eligible for auto-proxying)
14:57:43.906 logback [restartedMain] INFO  o.s.c.s.PostProcessorRegistrationDelegate$BeanPostProcessorChecker - Bean 'myShiroRealm' of type [com.fhzz.springbootdemo.configuration.shiro.MyShiroRealm] is not eligible for getting processed by all BeanPostProcessors (for example: not eligible for auto-proxying)
14:57:43.912 logback [restartedMain] INFO  o.s.c.s.PostProcessorRegistrationDelegate$BeanPostProcessorChecker - Bean 'securityManager' of type [org.apache.shiro.web.mgt.DefaultWebSecurityManager] is not eligible for getting processed by all BeanPostProcessors (for example: not eligible for auto-proxying)
14:57:43.921 logback [restartedMain] INFO  o.s.c.s.PostProcessorRegistrationDelegate$BeanPostProcessorChecker - Bean 'authorizationAttributeSourceAdvisor' of type [org.apache.shiro.spring.security.interceptor.AuthorizationAttributeSourceAdvisor] is not eligible for getting processed by all BeanPostProcessors (for example: not eligible for auto-proxying)
14:57:43.926 logback [restartedMain] INFO  o.s.c.s.PostProcessorRegistrationDelegate$BeanPostProcessorChecker - Bean 'org.springframework.transaction.annotation.ProxyTransactionManagementConfiguration' of type [org.springframework.transaction.annotation.ProxyTransactionManagementConfiguration$$EnhancerBySpringCGLIB$$accc4a65] is not eligible for getting processed by all BeanPostProcessors (for example: not eligible for auto-proxying)
14:57:43.942 logback [restartedMain] INFO  c.f.s.c.s.ShiroConfig$$EnhancerBySpringCGLIB$$dbfb16db - ShiroConfiguration.shirFilter()
14:57:44.474 logback [restartedMain] INFO  o.s.b.w.e.tomcat.TomcatWebServer - Tomcat initialized with port(s): 8888 (http)
14:57:44.488 logback [restartedMain] INFO  o.a.coyote.http11.Http11NioProtocol - Initializing ProtocolHandler ["http-nio-8888"]
14:57:44.498 logback [restartedMain] INFO  o.a.catalina.core.StandardService - Starting service [Tomcat]
14:57:44.498 logback [restartedMain] INFO  o.a.catalina.core.StandardEngine - Starting Servlet Engine: Apache Tomcat/8.5.32
14:57:44.506 logback [localhost-startStop-1] INFO  o.a.c.core.AprLifecycleListener - The APR based Apache Tomcat Native library which allows optimal performance in production environments was not found on the java.library.path: [D:\Java\jdk1.8\bin;C:\WINDOWS\Sun\Java\bin;C:\WINDOWS\system32;C:\WINDOWS;C:\Windows\system32;C:\Windows;C:\Windows\System32\Wbem;C:\Windows\System32\WindowsPowerShell\v1.0\;C:\Program Files (x86)\NVIDIA Corporation\PhysX\Common;C:\Program Files\Intel\WiFi\bin\;C:\Program Files\Common Files\Intel\WirelessCommon\;C:\WINDOWS\system32;C:\WINDOWS;C:\WINDOWS\System32\Wbem;C:\WINDOWS\System32\WindowsPowerShell\v1.0\;C:\WINDOWS\System32\OpenSSH\;C:\Program Files\Git\cmd;C:\Program Files\TortoiseGit\bin;D:\Java\jdk1.8\bin;D:\Java\jdk1.8\jre\bin;D:\apache-maven-3.5.2\bin;C:\Users\Administrator\AppData\Local\Microsoft\WindowsApps;C:\Program Files\Intel\WiFi\bin\;C:\Program Files\Common Files\Intel\WirelessCommon\;;.]
14:57:44.597 logback [localhost-startStop-1] INFO  o.a.c.c.C.[Tomcat].[localhost].[/] - Initializing Spring embedded WebApplicationContext
14:57:44.597 logback [localhost-startStop-1] INFO  o.s.web.context.ContextLoader - Root WebApplicationContext: initialization completed in 4775 ms
14:57:45.171 logback [localhost-startStop-1] INFO  o.s.b.w.s.FilterRegistrationBean - Mapping filter: 'characterEncodingFilter' to: [/*]
14:57:45.171 logback [localhost-startStop-1] INFO  o.s.b.w.s.FilterRegistrationBean - Mapping filter: 'webMvcMetricsFilter' to: [/*]
14:57:45.171 logback [localhost-startStop-1] INFO  o.s.b.w.s.FilterRegistrationBean - Mapping filter: 'hiddenHttpMethodFilter' to: [/*]
14:57:45.171 logback [localhost-startStop-1] INFO  o.s.b.w.s.FilterRegistrationBean - Mapping filter: 'httpPutFormContentFilter' to: [/*]
14:57:45.171 logback [localhost-startStop-1] INFO  o.s.b.w.s.FilterRegistrationBean - Mapping filter: 'requestContextFilter' to: [/*]
14:57:45.171 logback [localhost-startStop-1] INFO  o.s.b.w.s.FilterRegistrationBean - Mapping filter: 'httpTraceFilter' to: [/*]
14:57:45.171 logback [localhost-startStop-1] INFO  o.s.b.w.s.FilterRegistrationBean - Mapping filter: 'webStatFilter' to urls: [/*]
14:57:45.172 logback [localhost-startStop-1] INFO  o.s.b.w.s.FilterRegistrationBean - Mapping filter: 'shiroFilter' to: [/*]
14:57:45.172 logback [localhost-startStop-1] INFO  o.s.b.w.s.ServletRegistrationBean - Servlet statViewServlet mapped to [/druid/*]
14:57:45.172 logback [localhost-startStop-1] INFO  o.s.b.w.s.ServletRegistrationBean - Servlet dispatcherServlet mapped to [/]
14:57:45.173 logback [localhost-startStop-1] INFO  o.s.b.w.s.ServletRegistrationBean - Servlet statViewServlet mapped to [/druid/*]
14:57:45.173 logback [localhost-startStop-1] INFO  o.s.b.web.servlet.RegistrationBean - Servlet statViewServlet was not registered (possibly already registered?)
14:57:45.208 logback [localhost-startStop-1] WARN  o.a.c.c.C.[Tomcat].[localhost].[/] - Cannot deserialize session attribute [org.apache.shiro.subject.support.DefaultSubjectContext_PRINCIPALS_SESSION_KEY] for session [F965AD163C9B58D0A783708860ACF0DE]
14:57:45.671 logback [restartedMain] INFO  o.s.w.s.h.SimpleUrlHandlerMapping - Mapped URL path [/**/favicon.ico] onto handler of type [class org.springframework.web.servlet.resource.ResourceHttpRequestHandler]
14:57:45.873 logback [restartedMain] INFO  o.s.w.s.m.m.a.RequestMappingHandlerAdapter - Looking for @ControllerAdvice: org.springframework.boot.web.servlet.context.AnnotationConfigServletWebServerApplicationContext@1724378e: startup date [Wed Sep 12 14:57:39 CST 2018]; root of context hierarchy
14:57:45.910 logback [restartedMain] WARN  o.s.b.a.o.j.JpaBaseConfiguration$JpaWebConfiguration$JpaWebMvcConfiguration - spring.jpa.open-in-view is enabled by default. Therefore, database queries may be performed during view rendering. Explicitly configure spring.jpa.open-in-view to disable this warning
14:57:45.938 logback [restartedMain] INFO  o.s.w.s.m.m.a.RequestMappingHandlerMapping - Mapped "{[/demo/bootstrap/bootstrapDemo]}" onto public java.lang.String com.fhzz.springbootdemo.controller.demo.bootstratp.BootstrapController.index(org.springframework.ui.Model)
14:57:45.939 logback [restartedMain] INFO  o.s.w.s.m.m.a.RequestMappingHandlerMapping - Mapped "{[/demo/druid/getAllBySlave1Mybatis]}" onto public java.util.List<com.fhzz.springbootdemo.entity.slave1.MysqlDemoTable> com.fhzz.springbootdemo.controller.demo.druid.DruidRestController.getAllBySlave1Mybatis()
14:57:45.940 logback [restartedMain] INFO  o.s.w.s.m.m.a.RequestMappingHandlerMapping - Mapped "{[/demo/druid/getAllByMasterJpa]}" onto public java.util.List<com.fhzz.springbootdemo.entity.master.OracleDemoTable> com.fhzz.springbootdemo.controller.demo.druid.DruidRestController.getAllByMasterJpa()
14:57:45.940 logback [restartedMain] INFO  o.s.w.s.m.m.a.RequestMappingHandlerMapping - Mapped "{[/demo/druid/getAllByMasterMybatis]}" onto public java.util.List<com.fhzz.springbootdemo.entity.master.OracleDemoTable> com.fhzz.springbootdemo.controller.demo.druid.DruidRestController.getAllByMasterMybatis()
14:57:45.940 logback [restartedMain] INFO  o.s.w.s.m.m.a.RequestMappingHandlerMapping - Mapped "{[/demo/druid/getAllBySlave1Jpa]}" onto public java.util.List<com.fhzz.springbootdemo.entity.slave1.MysqlDemoTable> com.fhzz.springbootdemo.controller.demo.druid.DruidRestController.getAllBySlave1Jpa()
14:57:45.940 logback [restartedMain] INFO  o.s.w.s.m.m.a.RequestMappingHandlerMapping - Mapped "{[/demo/index/index]}" onto public java.lang.String com.fhzz.springbootdemo.controller.demo.index.IndexController.index(org.springframework.ui.Model)
14:57:45.941 logback [restartedMain] INFO  o.s.w.s.m.m.a.RequestMappingHandlerMapping - Mapped "{[/demo/jpa/openList]}" onto public java.lang.String com.fhzz.springbootdemo.controller.demo.jpa.JpaController.list(org.springframework.ui.Model)
14:57:45.942 logback [restartedMain] INFO  o.s.w.s.m.m.a.RequestMappingHandlerMapping - Mapped "{[/demo/jpa/toAdd]}" onto public java.lang.String com.fhzz.springbootdemo.controller.demo.jpa.JpaController.toAdd()
14:57:45.942 logback [restartedMain] INFO  o.s.w.s.m.m.a.RequestMappingHandlerMapping - Mapped "{[/demo/jpa/openIntro]}" onto public java.lang.String com.fhzz.springbootdemo.controller.demo.jpa.JpaController.openIntro()
14:57:45.942 logback [restartedMain] INFO  o.s.w.s.m.m.a.RequestMappingHandlerMapping - Mapped "{[/demo/jpa/toEdit]}" onto public java.lang.String com.fhzz.springbootdemo.controller.demo.jpa.JpaController.toEdit(org.springframework.ui.Model,java.lang.String)
14:57:45.942 logback [restartedMain] INFO  o.s.w.s.m.m.a.RequestMappingHandlerMapping - Mapped "{[/demo/jpa/openMainContent]}" onto public java.lang.String com.fhzz.springbootdemo.controller.demo.jpa.JpaController.openMainContent()
14:57:45.942 logback [restartedMain] INFO  o.s.w.s.m.m.a.RequestMappingHandlerMapping - Mapped "{[/demo/jpa/delete]}" onto public java.util.Map<java.lang.String, java.lang.Object> com.fhzz.springbootdemo.controller.demo.jpa.JpaRestController.delete(java.lang.String)
14:57:45.943 logback [restartedMain] INFO  o.s.w.s.m.m.a.RequestMappingHandlerMapping - Mapped "{[/demo/jpa/queryList]}" onto public java.util.Map<java.lang.String, java.lang.Object> com.fhzz.springbootdemo.controller.demo.jpa.JpaRestController.list(com.fhzz.springbootdemo.entity.master.OracleDemoTable)
14:57:45.943 logback [restartedMain] INFO  o.s.w.s.m.m.a.RequestMappingHandlerMapping - Mapped "{[/demo/jpa/add]}" onto public java.util.Map<java.lang.String, java.lang.Object> com.fhzz.springbootdemo.controller.demo.jpa.JpaRestController.save(com.fhzz.springbootdemo.entity.master.OracleDemoTable) throws java.lang.Exception
14:57:45.943 logback [restartedMain] INFO  o.s.w.s.m.m.a.RequestMappingHandlerMapping - Mapped "{[/demo/jpa/edit]}" onto public java.util.Map<java.lang.String, java.lang.Object> com.fhzz.springbootdemo.controller.demo.jpa.JpaRestController.edit(com.fhzz.springbootdemo.entity.master.OracleDemoTable)
14:57:45.945 logback [restartedMain] INFO  o.s.w.s.m.m.a.RequestMappingHandlerMapping - Mapped "{[/demo/logback/openIntro]}" onto public java.lang.String com.fhzz.springbootdemo.controller.demo.logback.LogbackController.openIntro()
14:57:45.945 logback [restartedMain] INFO  o.s.w.s.m.m.a.RequestMappingHandlerMapping - Mapped "{[/demo/logback/openExample]}" onto public java.lang.String com.fhzz.springbootdemo.controller.demo.logback.LogbackController.openExample()
14:57:45.945 logback [restartedMain] INFO  o.s.w.s.m.m.a.RequestMappingHandlerMapping - Mapped "{[/demo/logback/pringAllLogs]}" onto public java.lang.String com.fhzz.springbootdemo.controller.demo.logback.LogbackController.pringAllLogs()
14:57:45.945 logback [restartedMain] INFO  o.s.w.s.m.m.a.RequestMappingHandlerMapping - Mapped "{[/demo/logback/openMainContent]}" onto public java.lang.String com.fhzz.springbootdemo.controller.demo.logback.LogbackController.openMainContent()
14:57:45.946 logback [restartedMain] INFO  o.s.w.s.m.m.a.RequestMappingHandlerMapping - Mapped "{[/demo/mybatis/openListExample]}" onto public java.lang.String com.fhzz.springbootdemo.controller.demo.mybatis.MyBatisController.openListExample(org.springframework.ui.Model)
14:57:45.946 logback [restartedMain] INFO  o.s.w.s.m.m.a.RequestMappingHandlerMapping - Mapped "{[/demo/mybatis/openIntro]}" onto public java.lang.String com.fhzz.springbootdemo.controller.demo.mybatis.MyBatisController.openIntro()
14:57:45.946 logback [restartedMain] INFO  o.s.w.s.m.m.a.RequestMappingHandlerMapping - Mapped "{[/demo/mybatis/queryPagedList]}" onto public com.github.pagehelper.PageInfo<com.fhzz.springbootdemo.entity.master.OracleDemoTable> com.fhzz.springbootdemo.controller.demo.mybatis.MyBatisController.queryPagedList(com.fhzz.springbootdemo.entity.master.OracleDemoTable,int,int)
14:57:45.946 logback [restartedMain] INFO  o.s.w.s.m.m.a.RequestMappingHandlerMapping - Mapped "{[/demo/mybatis/queryList]}" onto public java.util.Map<java.lang.String, java.lang.Object> com.fhzz.springbootdemo.controller.demo.mybatis.MyBatisController.queryList(com.fhzz.springbootdemo.entity.master.OracleDemoTable)
14:57:45.946 logback [restartedMain] INFO  o.s.w.s.m.m.a.RequestMappingHandlerMapping - Mapped "{[/demo/mybatis/openMainContent]}" onto public java.lang.String com.fhzz.springbootdemo.controller.demo.mybatis.MyBatisController.openMainContent()
14:57:45.946 logback [restartedMain] INFO  o.s.w.s.m.m.a.RequestMappingHandlerMapping - Mapped "{[/demo/mybatis/openPagehelperExample]}" onto public java.lang.String com.fhzz.springbootdemo.controller.demo.mybatis.MyBatisController.openPagehelperExample(org.springframework.ui.Model)
14:57:45.948 logback [restartedMain] INFO  o.s.w.s.m.m.a.RequestMappingHandlerMapping - Mapped "{[/demo/shiro/openIntro]}" onto public java.lang.String com.fhzz.springbootdemo.controller.demo.shiro.ShiroController.openIntro()
14:57:45.948 logback [restartedMain] INFO  o.s.w.s.m.m.a.RequestMappingHandlerMapping - Mapped "{[/demo/shiro/openMainContent]}" onto public java.lang.String com.fhzz.springbootdemo.controller.demo.shiro.ShiroController.openMainContent()
14:57:45.948 logback [restartedMain] INFO  o.s.w.s.m.m.a.RequestMappingHandlerMapping - Mapped "{[/demo/shiro/openShiroThymeleaf]}" onto public java.lang.String com.fhzz.springbootdemo.controller.demo.shiro.ShiroController.openShiroThymeleaf()
14:57:45.948 logback [restartedMain] INFO  o.s.w.s.m.m.a.RequestMappingHandlerMapping - Mapped "{[/userInfo/userList]}" onto public java.lang.String com.fhzz.springbootdemo.controller.demo.shiro.UserInfoController.userInfo()
14:57:45.948 logback [restartedMain] INFO  o.s.w.s.m.m.a.RequestMappingHandlerMapping - Mapped "{[/userInfo/userAdd]}" onto public java.lang.String com.fhzz.springbootdemo.controller.demo.shiro.UserInfoController.userInfoAdd()
14:57:45.948 logback [restartedMain] INFO  o.s.w.s.m.m.a.RequestMappingHandlerMapping - Mapped "{[/userInfo/userDel]}" onto public java.lang.String com.fhzz.springbootdemo.controller.demo.shiro.UserInfoController.userDel()
14:57:45.948 logback [restartedMain] INFO  o.s.w.s.m.m.a.RequestMappingHandlerMapping - Mapped "{[/demo/summary/openMainContent]}" onto public java.lang.String com.fhzz.springbootdemo.controller.demo.summary.SummaryController.index(org.springframework.ui.Model)
14:57:45.948 logback [restartedMain] INFO  o.s.w.s.m.m.a.RequestMappingHandlerMapping - Mapped "{[/demo/summary/openSpringBootIntro]}" onto public java.lang.String com.fhzz.springbootdemo.controller.demo.summary.SummaryController.openSpringBootIntro(org.springframework.ui.Model)
14:57:45.948 logback [restartedMain] INFO  o.s.w.s.m.m.a.RequestMappingHandlerMapping - Mapped "{[/demo/summary/openMenuStructureIntro]}" onto public java.lang.String com.fhzz.springbootdemo.controller.demo.summary.SummaryController.openMenuStructureIntro(org.springframework.ui.Model)
14:57:45.949 logback [restartedMain] INFO  o.s.w.s.m.m.a.RequestMappingHandlerMapping - Mapped "{[/demo/thymeleaf/openIntro]}" onto public java.lang.String com.fhzz.springbootdemo.controller.demo.thymeleaf.ThymeleafController.openIntro()
14:57:45.949 logback [restartedMain] INFO  o.s.w.s.m.m.a.RequestMappingHandlerMapping - Mapped "{[/demo/thymeleaf/openThLabel]}" onto public java.lang.String com.fhzz.springbootdemo.controller.demo.thymeleaf.ThymeleafController.openThLabel()
14:57:45.949 logback [restartedMain] INFO  o.s.w.s.m.m.a.RequestMappingHandlerMapping - Mapped "{[/demo/thymeleaf/openUsage]}" onto public java.lang.String com.fhzz.springbootdemo.controller.demo.thymeleaf.ThymeleafController.openUsage()
14:57:45.949 logback [restartedMain] INFO  o.s.w.s.m.m.a.RequestMappingHandlerMapping - Mapped "{[/demo/thymeleaf/openLayout]}" onto public java.lang.String com.fhzz.springbootdemo.controller.demo.thymeleaf.ThymeleafController.openLayout()
14:57:45.949 logback [restartedMain] INFO  o.s.w.s.m.m.a.RequestMappingHandlerMapping - Mapped "{[/demo/thymeleaf/openExpress]}" onto public java.lang.String com.fhzz.springbootdemo.controller.demo.thymeleaf.ThymeleafController.openExpress()
14:57:45.950 logback [restartedMain] INFO  o.s.w.s.m.m.a.RequestMappingHandlerMapping - Mapped "{[/demo/thymeleaf/openMainContent]}" onto public java.lang.String com.fhzz.springbootdemo.controller.demo.thymeleaf.ThymeleafController.openMainContent()
14:57:45.950 logback [restartedMain] INFO  o.s.w.s.m.m.a.RequestMappingHandlerMapping - Mapped "{[/ || /index]}" onto public java.lang.String com.fhzz.springbootdemo.controller.shiro.LoginController.index()
14:57:45.950 logback [restartedMain] INFO  o.s.w.s.m.m.a.RequestMappingHandlerMapping - Mapped "{[/403]}" onto public java.lang.String com.fhzz.springbootdemo.controller.shiro.LoginController.unauthorizedRole()
14:57:45.950 logback [restartedMain] INFO  o.s.w.s.m.m.a.RequestMappingHandlerMapping - Mapped "{[/login]}" onto public java.lang.String com.fhzz.springbootdemo.controller.shiro.LoginController.login(javax.servlet.http.HttpServletRequest,java.util.Map<java.lang.String, java.lang.Object>) throws java.lang.Exception
14:57:45.951 logback [restartedMain] INFO  o.s.w.s.m.m.a.RequestMappingHandlerMapping - Mapped "{[/error]}" onto public org.springframework.http.ResponseEntity<java.util.Map<java.lang.String, java.lang.Object>> org.springframework.boot.autoconfigure.web.servlet.error.BasicErrorController.error(javax.servlet.http.HttpServletRequest)
14:57:45.952 logback [restartedMain] INFO  o.s.w.s.m.m.a.RequestMappingHandlerMapping - Mapped "{[/error],produces=[text/html]}" onto public org.springframework.web.servlet.ModelAndView org.springframework.boot.autoconfigure.web.servlet.error.BasicErrorController.errorHtml(javax.servlet.http.HttpServletRequest,javax.servlet.http.HttpServletResponse)
14:57:45.976 logback [restartedMain] INFO  o.s.w.s.h.SimpleUrlHandlerMapping - Mapped URL path [/webjars/**] onto handler of type [class org.springframework.web.servlet.resource.ResourceHttpRequestHandler]
14:57:45.976 logback [restartedMain] INFO  o.s.w.s.h.SimpleUrlHandlerMapping - Mapped URL path [/**] onto handler of type [class org.springframework.web.servlet.resource.ResourceHttpRequestHandler]
14:57:46.049 logback [restartedMain] WARN  o.t.templatemode.TemplateMode - [THYMELEAF][restartedMain] Template Mode 'LEGACYHTML5' is deprecated. Using Template Mode 'HTML' instead.
14:57:46.417 logback [restartedMain] INFO  o.s.b.d.a.OptionalLiveReloadServer - LiveReload server is running on port 35729
14:57:46.431 logback [restartedMain] INFO  o.s.b.a.e.web.EndpointLinksResolver - Exposing 2 endpoint(s) beneath base path '/actuator'
14:57:46.439 logback [restartedMain] INFO  o.s.b.a.e.w.s.WebMvcEndpointHandlerMapping - Mapped "{[/actuator/health],methods=[GET],produces=[application/vnd.spring-boot.actuator.v2+json || application/json]}" onto public java.lang.Object org.springframework.boot.actuate.endpoint.web.servlet.AbstractWebMvcEndpointHandlerMapping$OperationHandler.handle(javax.servlet.http.HttpServletRequest,java.util.Map<java.lang.String, java.lang.String>)
14:57:46.440 logback [restartedMain] INFO  o.s.b.a.e.w.s.WebMvcEndpointHandlerMapping - Mapped "{[/actuator/info],methods=[GET],produces=[application/vnd.spring-boot.actuator.v2+json || application/json]}" onto public java.lang.Object org.springframework.boot.actuate.endpoint.web.servlet.AbstractWebMvcEndpointHandlerMapping$OperationHandler.handle(javax.servlet.http.HttpServletRequest,java.util.Map<java.lang.String, java.lang.String>)
14:57:46.440 logback [restartedMain] INFO  o.s.b.a.e.w.s.WebMvcEndpointHandlerMapping - Mapped "{[/actuator],methods=[GET],produces=[application/vnd.spring-boot.actuator.v2+json || application/json]}" onto protected java.util.Map<java.lang.String, java.util.Map<java.lang.String, org.springframework.boot.actuate.endpoint.web.Link>> org.springframework.boot.actuate.endpoint.web.servlet.WebMvcEndpointHandlerMapping.links(javax.servlet.http.HttpServletRequest,javax.servlet.http.HttpServletResponse)
14:57:46.489 logback [restartedMain] INFO  o.s.j.e.a.AnnotationMBeanExporter - Registering beans for JMX exposure on startup
14:57:46.490 logback [restartedMain] INFO  o.s.j.e.a.AnnotationMBeanExporter - Bean with name 'masterDataSource' has been autodetected for JMX exposure
14:57:46.490 logback [restartedMain] INFO  o.s.j.e.a.AnnotationMBeanExporter - Bean with name 'slave1DataSource' has been autodetected for JMX exposure
14:57:46.490 logback [restartedMain] INFO  o.s.j.e.a.AnnotationMBeanExporter - Bean with name 'statFilter' has been autodetected for JMX exposure
14:57:46.494 logback [restartedMain] INFO  o.s.j.e.a.AnnotationMBeanExporter - Located MBean 'masterDataSource': registering with JMX server as MBean [com.alibaba.druid.pool:name=masterDataSource,type=DruidDataSource]
14:57:46.495 logback [restartedMain] INFO  o.s.j.e.a.AnnotationMBeanExporter - Located MBean 'slave1DataSource': registering with JMX server as MBean [com.alibaba.druid.pool:name=slave1DataSource,type=DruidDataSource]
14:57:46.496 logback [restartedMain] INFO  o.s.j.e.a.AnnotationMBeanExporter - Located MBean 'statFilter': registering with JMX server as MBean [com.alibaba.druid.filter.stat:name=statFilter,type=StatFilter]
14:57:46.507 logback [restartedMain] INFO  o.a.coyote.http11.Http11NioProtocol - Starting ProtocolHandler ["http-nio-8888"]
14:57:46.514 logback [restartedMain] INFO  o.a.tomcat.util.net.NioSelectorPool - Using a shared selector for servlet write/read
14:57:46.526 logback [restartedMain] INFO  o.s.b.w.e.tomcat.TomcatWebServer - Tomcat started on port(s): 8888 (http) with context path ''
14:57:46.528 logback [restartedMain] INFO  c.f.s.SpringBootDemoApplication - Started SpringBootDemoApplication in 7.147 seconds (JVM running for 7.616)
14:57:55.194 logback [http-nio-8888-exec-1] INFO  o.a.c.c.C.[Tomcat].[localhost].[/] - Initializing Spring FrameworkServlet 'dispatcherServlet'
14:57:55.194 logback [http-nio-8888-exec-1] INFO  o.s.web.servlet.DispatcherServlet - FrameworkServlet 'dispatcherServlet': initialization started
14:57:55.211 logback [http-nio-8888-exec-1] INFO  o.s.web.servlet.DispatcherServlet - FrameworkServlet 'dispatcherServlet': initialization completed in 17 ms
14:57:55.282 logback [http-nio-8888-exec-2] INFO  c.f.s.c.shiro.LoginController - HomeController.login()
14:57:55.282 logback [http-nio-8888-exec-2] INFO  c.f.s.c.shiro.LoginController - exception=null
14:57:56.739 logback [http-nio-8888-exec-7] INFO  c.f.s.c.shiro.MyShiroRealm - MyShiroRealm.doGetAuthenticationInfo()
14:57:56.739 logback [http-nio-8888-exec-7] INFO  c.f.s.c.shiro.MyShiroRealm - [C@690e7482
14:57:56.759 logback [http-nio-8888-exec-7] INFO  o.h.h.i.QueryTranslatorFactoryInitiator - HHH000397: Using ASTQueryTranslatorFactory
14:57:56.998 logback [http-nio-8888-exec-7] INFO  c.f.s.c.shiro.MyShiroRealm - ----->>userInfo=com.fhzz.springbootdemo.entity.master.shiro.UserInfo@41d175f0
