2018-08-28 09:34:36.697  INFO 4320 --- [main] c.f.s.SpringBootDemoApplication          : Starting SpringBootDemoApplication on DELL-G3 with PID 4320 (D:\MyEclipseWorkspaces2017\spring-boot-demo\target\classes started by Administrator in D:\MyEclipseWorkspaces2017\spring-boot-demo)
2018-08-28 09:34:36.708 DEBUG 4320 --- [main] c.f.s.SpringBootDemoApplication          : Running with Spring Boot v2.0.4.RELEASE, Spring v5.0.8.RELEASE
2018-08-28 09:34:36.711  INFO 4320 --- [main] c.f.s.SpringBootDemoApplication          : The following profiles are active: fhzz
2018-08-28 09:34:36.735  INFO 4320 --- [main] ConfigServletWebServerApplicationContext : Refreshing org.springframework.boot.web.servlet.context.AnnotationConfigServletWebServerApplicationContext@2d1ef81a: startup date [Tue Aug 28 09:34:36 CST 2018]; root of context hierarchy
2018-08-28 09:34:37.337  INFO 4320 --- [main] o.s.b.f.s.DefaultListableBeanFactory     : Overriding bean definition for bean 'statFilter' with a different definition: replacing [Root bean: class [null]; scope=; abstract=false; lazyInit=false; autowireMode=3; dependencyCheck=0; autowireCandidate=true; primary=false; factoryBeanName=druidConfiguration; factoryMethodName=statFilter; initMethodName=null; destroyMethodName=(inferred); defined in class path resource [com/fhzz/springbootdemo/configuration/druid/DruidConfiguration.class]] with [Root bean: class [null]; scope=; abstract=false; lazyInit=false; autowireMode=3; dependencyCheck=0; autowireCandidate=true; primary=false; factoryBeanName=com.alibaba.druid.spring.boot.autoconfigure.stat.DruidFilterConfiguration; factoryMethodName=statFilter; initMethodName=null; destroyMethodName=(inferred); defined in class path resource [com/alibaba/druid/spring/boot/autoconfigure/stat/DruidFilterConfiguration.class]]
2018-08-28 09:34:37.782  INFO 4320 --- [main] trationDelegate$BeanPostProcessorChecker : Bean 'org.springframework.transaction.annotation.ProxyTransactionManagementConfiguration' of type [org.springframework.transaction.annotation.ProxyTransactionManagementConfiguration$$EnhancerBySpringCGLIB$$de6b9c51] is not eligible for getting processed by all BeanPostProcessors (for example: not eligible for auto-proxying)
2018-08-28 09:34:38.363  INFO 4320 --- [main] o.s.b.w.embedded.tomcat.TomcatWebServer  : Tomcat initialized with port(s): 8080 (http)
2018-08-28 09:34:38.385  INFO 4320 --- [main] o.apache.catalina.core.StandardService   : Starting service [Tomcat]
2018-08-28 09:34:38.385  INFO 4320 --- [main] org.apache.catalina.core.StandardEngine  : Starting Servlet Engine: Apache Tomcat/8.5.32
2018-08-28 09:34:38.397  INFO 4320 --- [localhost-startStop-1] o.a.catalina.core.AprLifecycleListener   : The APR based Apache Tomcat Native library which allows optimal performance in production environments was not found on the java.library.path: [D:\Java\jdk1.8\bin;C:\WINDOWS\Sun\Java\bin;C:\WINDOWS\system32;C:\WINDOWS;C:\Windows\system32;C:\Windows;C:\Windows\System32\Wbem;C:\Windows\System32\WindowsPowerShell\v1.0\;C:\Program Files (x86)\NVIDIA Corporation\PhysX\Common;C:\Program Files\Intel\WiFi\bin\;C:\Program Files\Common Files\Intel\WirelessCommon\;C:\WINDOWS\system32;C:\WINDOWS;C:\WINDOWS\System32\Wbem;C:\WINDOWS\System32\WindowsPowerShell\v1.0\;C:\WINDOWS\System32\OpenSSH\;C:\Program Files\Git\cmd;C:\Program Files\TortoiseGit\bin;D:\Java\jdk1.8\bin;D:\Java\jdk1.8\jre\bin;D:\apache-maven-3.5.2\bin;C:\Users\Administrator\AppData\Local\Microsoft\WindowsApps;C:\Program Files\Intel\WiFi\bin\;C:\Program Files\Common Files\Intel\WirelessCommon\;;.]
2018-08-28 09:34:38.475  INFO 4320 --- [localhost-startStop-1] o.a.c.c.C.[Tomcat].[localhost].[/]       : Initializing Spring embedded WebApplicationContext
2018-08-28 09:34:38.475  INFO 4320 --- [localhost-startStop-1] o.s.web.context.ContextLoader            : Root WebApplicationContext: initialization completed in 1740 ms
2018-08-28 09:34:38.787  WARN 4320 --- [localhost-startStop-1] c.a.druid.pool.DruidAbstractDataSource   : oracle.jdbc.driver.OracleDriver is deprecated.Having use oracle.jdbc.OracleDriver.
2018-08-28 09:34:39.158  INFO 4320 --- [localhost-startStop-1] o.s.b.w.servlet.FilterRegistrationBean   : Mapping filter: 'characterEncodingFilter' to: [/*]
2018-08-28 09:34:39.158  INFO 4320 --- [localhost-startStop-1] o.s.b.w.servlet.FilterRegistrationBean   : Mapping filter: 'webMvcMetricsFilter' to: [/*]
2018-08-28 09:34:39.158  INFO 4320 --- [localhost-startStop-1] o.s.b.w.servlet.FilterRegistrationBean   : Mapping filter: 'hiddenHttpMethodFilter' to: [/*]
2018-08-28 09:34:39.158  INFO 4320 --- [localhost-startStop-1] o.s.b.w.servlet.FilterRegistrationBean   : Mapping filter: 'httpPutFormContentFilter' to: [/*]
2018-08-28 09:34:39.158  INFO 4320 --- [localhost-startStop-1] o.s.b.w.servlet.FilterRegistrationBean   : Mapping filter: 'requestContextFilter' to: [/*]
2018-08-28 09:34:39.158  INFO 4320 --- [localhost-startStop-1] .s.DelegatingFilterProxyRegistrationBean : Mapping filter: 'springSecurityFilterChain' to: [/*]
2018-08-28 09:34:39.158  INFO 4320 --- [localhost-startStop-1] o.s.b.w.servlet.FilterRegistrationBean   : Mapping filter: 'httpTraceFilter' to: [/*]
2018-08-28 09:34:39.158  INFO 4320 --- [localhost-startStop-1] o.s.b.w.servlet.FilterRegistrationBean   : Mapping filter: 'webStatFilter' to urls: [/*]
2018-08-28 09:34:39.158  INFO 4320 --- [localhost-startStop-1] o.s.b.w.servlet.ServletRegistrationBean  : Servlet statViewServlet mapped to [/druid/*]
2018-08-28 09:34:39.158  INFO 4320 --- [localhost-startStop-1] o.s.b.w.servlet.ServletRegistrationBean  : Servlet dispatcherServlet mapped to [/]
2018-08-28 09:34:39.158  INFO 4320 --- [localhost-startStop-1] o.s.b.w.servlet.ServletRegistrationBean  : Servlet statViewServlet mapped to [/druid/*]
2018-08-28 09:34:39.158  INFO 4320 --- [localhost-startStop-1] o.s.boot.web.servlet.RegistrationBean    : Servlet statViewServlet was not registered (possibly already registered?)
2018-08-28 09:34:39.925  INFO 4320 --- [main] com.alibaba.druid.pool.DruidDataSource   : {dataSource-1} inited
2018-08-28 09:34:39.952  INFO 4320 --- [main] j.LocalContainerEntityManagerFactoryBean : Building JPA container EntityManagerFactory for persistence unit 'masterPersistenceUnit'
2018-08-28 09:34:39.966  INFO 4320 --- [main] o.hibernate.jpa.internal.util.LogHelper  : HHH000204: Processing PersistenceUnitInfo [
	name: masterPersistenceUnit
	...]
2018-08-28 09:34:40.015  INFO 4320 --- [main] org.hibernate.Version                    : HHH000412: Hibernate Core {5.2.17.Final}
2018-08-28 09:34:40.015  INFO 4320 --- [main] org.hibernate.cfg.Environment            : HHH000206: hibernate.properties not found
2018-08-28 09:34:40.061  INFO 4320 --- [main] o.hibernate.annotations.common.Version   : HCANN000001: Hibernate Commons Annotations {5.0.1.Final}
2018-08-28 09:34:40.188  INFO 4320 --- [main] org.hibernate.dialect.Dialect            : HHH000400: Using dialect: org.hibernate.dialect.Oracle12cDialect
2018-08-28 09:34:40.233  INFO 4320 --- [main] org.hibernate.type.BasicTypeRegistry     : HHH000270: Type registration [byte[]] overrides previous : org.hibernate.type.BinaryType@18d003cd
2018-08-28 09:34:40.233  INFO 4320 --- [main] org.hibernate.type.BasicTypeRegistry     : HHH000270: Type registration [[B] overrides previous : org.hibernate.type.BinaryType@18d003cd
2018-08-28 09:34:40.233  INFO 4320 --- [main] org.hibernate.type.BasicTypeRegistry     : HHH000270: Type registration [Byte[]] overrides previous : org.hibernate.type.WrapperBinaryType@4116f66a
2018-08-28 09:34:40.233  INFO 4320 --- [main] org.hibernate.type.BasicTypeRegistry     : HHH000270: Type registration [[Ljava.lang.Byte;] overrides previous : org.hibernate.type.WrapperBinaryType@4116f66a
2018-08-28 09:34:40.339  WARN 4320 --- [main] org.hibernate.id.UUIDHexGenerator        : HHH000409: Using org.hibernate.id.UUIDHexGenerator which does not generate IETF RFC 4122 compliant UUID values; consider using org.hibernate.id.UUIDGenerator instead
2018-08-28 09:34:40.636  INFO 4320 --- [main] j.LocalContainerEntityManagerFactoryBean : Initialized JPA EntityManagerFactory for persistence unit 'masterPersistenceUnit'
2018-08-28 09:34:40.636  INFO 4320 --- [main] j.LocalContainerEntityManagerFactoryBean : Building JPA container EntityManagerFactory for persistence unit 'slave1PersistenceUnit'
2018-08-28 09:34:40.636  INFO 4320 --- [main] o.hibernate.jpa.internal.util.LogHelper  : HHH000204: Processing PersistenceUnitInfo [
	name: slave1PersistenceUnit
	...]
2018-08-28 09:34:41.012  INFO 4320 --- [main] com.alibaba.druid.pool.DruidDataSource   : {dataSource-2} inited
2018-08-28 09:34:41.012  INFO 4320 --- [main] org.hibernate.dialect.Dialect            : HHH000400: Using dialect: org.hibernate.dialect.Oracle12cDialect
2018-08-28 09:34:41.014  INFO 4320 --- [main] org.hibernate.type.BasicTypeRegistry     : HHH000270: Type registration [byte[]] overrides previous : org.hibernate.type.BinaryType@18d003cd
2018-08-28 09:34:41.014  INFO 4320 --- [main] org.hibernate.type.BasicTypeRegistry     : HHH000270: Type registration [[B] overrides previous : org.hibernate.type.BinaryType@18d003cd
2018-08-28 09:34:41.014  INFO 4320 --- [main] org.hibernate.type.BasicTypeRegistry     : HHH000270: Type registration [Byte[]] overrides previous : org.hibernate.type.WrapperBinaryType@4116f66a
2018-08-28 09:34:41.014  INFO 4320 --- [main] org.hibernate.type.BasicTypeRegistry     : HHH000270: Type registration [[Ljava.lang.Byte;] overrides previous : org.hibernate.type.WrapperBinaryType@4116f66a
2018-08-28 09:34:41.034  INFO 4320 --- [main] j.LocalContainerEntityManagerFactoryBean : Initialized JPA EntityManagerFactory for persistence unit 'slave1PersistenceUnit'
2018-08-28 09:34:41.740  INFO 4320 --- [main] o.s.w.s.handler.SimpleUrlHandlerMapping  : Mapped URL path [/**/favicon.ico] onto handler of type [class org.springframework.web.servlet.resource.ResourceHttpRequestHandler]
2018-08-28 09:34:41.874  INFO 4320 --- [main] s.w.s.m.m.a.RequestMappingHandlerAdapter : Looking for @ControllerAdvice: org.springframework.boot.web.servlet.context.AnnotationConfigServletWebServerApplicationContext@2d1ef81a: startup date [Tue Aug 28 09:34:36 CST 2018]; root of context hierarchy
2018-08-28 09:34:41.907  WARN 4320 --- [main] aWebConfiguration$JpaWebMvcConfiguration : spring.jpa.open-in-view is enabled by default. Therefore, database queries may be performed during view rendering. Explicitly configure spring.jpa.open-in-view to disable this warning
2018-08-28 09:34:41.930  INFO 4320 --- [main] s.w.s.m.m.a.RequestMappingHandlerMapping : Mapped "{[/attendance/index]}" onto public java.lang.String com.fhzz.springbootdemo.controller.attendance.AttendanceController.index(org.springframework.ui.Model)
2018-08-28 09:34:41.930  INFO 4320 --- [main] s.w.s.m.m.a.RequestMappingHandlerMapping : Mapped "{[/attendance/queryAttendanceDetailsByYearMonth]}" onto public java.util.Map<java.lang.String, java.lang.Object> com.fhzz.springbootdemo.controller.attendance.AttendanceController.queryAttendanceDetailsByYearMonth(java.lang.String,java.lang.String,java.lang.String)
2018-08-28 09:34:41.930  INFO 4320 --- [main] s.w.s.m.m.a.RequestMappingHandlerMapping : Mapped "{[/attendance/openAttendanceDetails]}" onto public java.lang.String com.fhzz.springbootdemo.controller.attendance.AttendanceController.openAttendanceDetails(org.springframework.ui.Model,java.lang.String)
2018-08-28 09:34:41.930  INFO 4320 --- [main] s.w.s.m.m.a.RequestMappingHandlerMapping : Mapped "{[/attendance/openModifyAttendanceDetails]}" onto public java.lang.String com.fhzz.springbootdemo.controller.attendance.AttendanceController.openModifyAttendanceDetails(org.springframework.ui.Model,java.lang.String)
2018-08-28 09:34:41.930  INFO 4320 --- [main] s.w.s.m.m.a.RequestMappingHandlerMapping : Mapped "{[/attendance/queryAttendanceDetails]}" onto public java.util.Map<java.lang.String, java.lang.Object> com.fhzz.springbootdemo.controller.attendance.AttendanceController.queryAttendanceDetails(java.lang.String)
2018-08-28 09:34:41.930  INFO 4320 --- [main] s.w.s.m.m.a.RequestMappingHandlerMapping : Mapped "{[/attendance/modifyAttendanceDetails]}" onto public java.util.Map<java.lang.String, java.lang.Object> com.fhzz.springbootdemo.controller.attendance.AttendanceController.modifyAttendanceDetails(com.fhzz.springbootdemo.entity.master.attendance.TAttendanceDetail,javax.servlet.http.HttpServletRequest)
2018-08-28 09:34:41.930  INFO 4320 --- [main] s.w.s.m.m.a.RequestMappingHandlerMapping : Mapped "{[/attendance/queryAttendanceList]}" onto public java.util.Map<java.lang.String, java.lang.Object> com.fhzz.springbootdemo.controller.attendance.AttendanceController.queryAttendanceList()
2018-08-28 09:34:41.930  INFO 4320 --- [main] s.w.s.m.m.a.RequestMappingHandlerMapping : Mapped "{[/attendance/getTitleTip]}" onto public java.lang.String com.fhzz.springbootdemo.controller.attendance.AttendanceController.getTitleTip(java.lang.String,java.lang.String)
2018-08-28 09:34:41.930  INFO 4320 --- [main] s.w.s.m.m.a.RequestMappingHandlerMapping : Mapped "{[/attendance/download]}" onto public void com.fhzz.springbootdemo.controller.attendance.AttendanceController.Download(java.lang.String,javax.servlet.http.HttpServletResponse) throws java.io.UnsupportedEncodingException
2018-08-28 09:34:41.930  INFO 4320 --- [main] s.w.s.m.m.a.RequestMappingHandlerMapping : Mapped "{[/attendance/fileUpload]}" onto public java.util.Map<java.lang.String, java.lang.Object> com.fhzz.springbootdemo.controller.attendance.AttendanceController.fileUpload(org.springframework.web.multipart.MultipartFile,java.lang.String,java.lang.String)
2018-08-28 09:34:41.930  INFO 4320 --- [main] s.w.s.m.m.a.RequestMappingHandlerMapping : Mapped "{[/demo/bootstrap/bootstrapDemo]}" onto public java.lang.String com.fhzz.springbootdemo.controller.demo.bootstratp.BootstrapController.index(org.springframework.ui.Model)
2018-08-28 09:34:41.941  INFO 4320 --- [main] s.w.s.m.m.a.RequestMappingHandlerMapping : Mapped "{[/demo/druid/getAllByMasterMybatis]}" onto public java.util.List<com.fhzz.springbootdemo.entity.master.OracleDemoTable> com.fhzz.springbootdemo.controller.demo.druid.DruidRestController.getAllByMasterMybatis()
2018-08-28 09:34:41.941  INFO 4320 --- [main] s.w.s.m.m.a.RequestMappingHandlerMapping : Mapped "{[/demo/druid/getAllByMasterJpa]}" onto public java.util.List<com.fhzz.springbootdemo.entity.master.OracleDemoTable> com.fhzz.springbootdemo.controller.demo.druid.DruidRestController.getAllByMasterJpa()
2018-08-28 09:34:41.941  INFO 4320 --- [main] s.w.s.m.m.a.RequestMappingHandlerMapping : Mapped "{[/demo/druid/getAllBySlave1Jpa]}" onto public java.util.List<com.fhzz.springbootdemo.entity.slave1.MysqlDemoTable> com.fhzz.springbootdemo.controller.demo.druid.DruidRestController.getAllBySlave1Jpa()
2018-08-28 09:34:41.941  INFO 4320 --- [main] s.w.s.m.m.a.RequestMappingHandlerMapping : Mapped "{[/demo/druid/getAllBySlave1Mybatis]}" onto public java.util.List<com.fhzz.springbootdemo.entity.slave1.MysqlDemoTable> com.fhzz.springbootdemo.controller.demo.druid.DruidRestController.getAllBySlave1Mybatis()
2018-08-28 09:34:41.941  INFO 4320 --- [main] s.w.s.m.m.a.RequestMappingHandlerMapping : Mapped "{[/demo/index/index]}" onto public java.lang.String com.fhzz.springbootdemo.controller.demo.index.IndexController.index(org.springframework.ui.Model)
2018-08-28 09:34:41.941  INFO 4320 --- [main] s.w.s.m.m.a.RequestMappingHandlerMapping : Mapped "{[/demo/jpa/openList]}" onto public java.lang.String com.fhzz.springbootdemo.controller.demo.jpa.JpaController.list(org.springframework.ui.Model)
2018-08-28 09:34:41.941  INFO 4320 --- [main] s.w.s.m.m.a.RequestMappingHandlerMapping : Mapped "{[/demo/jpa/toAdd]}" onto public java.lang.String com.fhzz.springbootdemo.controller.demo.jpa.JpaController.toAdd()
2018-08-28 09:34:41.941  INFO 4320 --- [main] s.w.s.m.m.a.RequestMappingHandlerMapping : Mapped "{[/demo/jpa/toEdit]}" onto public java.lang.String com.fhzz.springbootdemo.controller.demo.jpa.JpaController.toEdit(org.springframework.ui.Model,java.lang.String)
2018-08-28 09:34:41.941  INFO 4320 --- [main] s.w.s.m.m.a.RequestMappingHandlerMapping : Mapped "{[/demo/jpa/delete]}" onto public java.util.Map<java.lang.String, java.lang.Object> com.fhzz.springbootdemo.controller.demo.jpa.JpaRestController.delete(java.lang.String)
2018-08-28 09:34:41.941  INFO 4320 --- [main] s.w.s.m.m.a.RequestMappingHandlerMapping : Mapped "{[/demo/jpa/queryList]}" onto public java.util.Map<java.lang.String, java.lang.Object> com.fhzz.springbootdemo.controller.demo.jpa.JpaRestController.list(com.fhzz.springbootdemo.entity.master.OracleDemoTable)
2018-08-28 09:34:41.941  INFO 4320 --- [main] s.w.s.m.m.a.RequestMappingHandlerMapping : Mapped "{[/demo/jpa/add]}" onto public java.util.Map<java.lang.String, java.lang.Object> com.fhzz.springbootdemo.controller.demo.jpa.JpaRestController.save(com.fhzz.springbootdemo.entity.master.OracleDemoTable) throws java.lang.Exception
2018-08-28 09:34:41.941  INFO 4320 --- [main] s.w.s.m.m.a.RequestMappingHandlerMapping : Mapped "{[/demo/jpa/edit]}" onto public java.util.Map<java.lang.String, java.lang.Object> com.fhzz.springbootdemo.controller.demo.jpa.JpaRestController.edit(com.fhzz.springbootdemo.entity.master.OracleDemoTable)
2018-08-28 09:34:41.941  INFO 4320 --- [main] s.w.s.m.m.a.RequestMappingHandlerMapping : Mapped "{[/openModifyPassword]}" onto public java.lang.String com.fhzz.springbootdemo.controller.login.LoginController.openModifyPassword(org.springframework.ui.Model)
2018-08-28 09:34:41.941  INFO 4320 --- [main] s.w.s.m.m.a.RequestMappingHandlerMapping : Mapped "{[/modifyPassword]}" onto public java.util.Map<java.lang.String, java.lang.Object> com.fhzz.springbootdemo.controller.login.LoginController.modifyPassword(java.lang.String,java.lang.String)
2018-08-28 09:34:41.941  INFO 4320 --- [main] s.w.s.m.m.a.RequestMappingHandlerMapping : Mapped "{[/login]}" onto public java.lang.String com.fhzz.springbootdemo.controller.login.LoginController.login(org.springframework.ui.Model)
2018-08-28 09:34:41.941  INFO 4320 --- [main] s.w.s.m.m.a.RequestMappingHandlerMapping : Mapped "{[/error]}" onto public org.springframework.http.ResponseEntity<java.util.Map<java.lang.String, java.lang.Object>> org.springframework.boot.autoconfigure.web.servlet.error.BasicErrorController.error(javax.servlet.http.HttpServletRequest)
2018-08-28 09:34:41.941  INFO 4320 --- [main] s.w.s.m.m.a.RequestMappingHandlerMapping : Mapped "{[/error],produces=[text/html]}" onto public org.springframework.web.servlet.ModelAndView org.springframework.boot.autoconfigure.web.servlet.error.BasicErrorController.errorHtml(javax.servlet.http.HttpServletRequest,javax.servlet.http.HttpServletResponse)
2018-08-28 09:34:41.973  INFO 4320 --- [main] o.s.w.s.handler.SimpleUrlHandlerMapping  : Mapped URL path [/webjars/**] onto handler of type [class org.springframework.web.servlet.resource.ResourceHttpRequestHandler]
2018-08-28 09:34:41.973  INFO 4320 --- [main] o.s.w.s.handler.SimpleUrlHandlerMapping  : Mapped URL path [/**] onto handler of type [class org.springframework.web.servlet.resource.ResourceHttpRequestHandler]
2018-08-28 09:34:42.018  WARN 4320 --- [main] org.thymeleaf.templatemode.TemplateMode  : [THYMELEAF][main] Template Mode 'LEGACYHTML5' is deprecated. Using Template Mode 'HTML' instead.
2018-08-28 09:34:42.356  INFO 4320 --- [main] o.s.s.web.DefaultSecurityFilterChain     : Creating filter chain: Ant [pattern='/jquery/**'], []
2018-08-28 09:34:42.356  INFO 4320 --- [main] o.s.s.web.DefaultSecurityFilterChain     : Creating filter chain: Ant [pattern='/bootstrap/**'], []
2018-08-28 09:34:42.356  INFO 4320 --- [main] o.s.s.web.DefaultSecurityFilterChain     : Creating filter chain: Ant [pattern='/js/**'], []
2018-08-28 09:34:42.356  INFO 4320 --- [main] o.s.s.web.DefaultSecurityFilterChain     : Creating filter chain: Ant [pattern='/css/**'], []
2018-08-28 09:34:42.415  INFO 4320 --- [main] o.s.s.web.DefaultSecurityFilterChain     : Creating filter chain: org.springframework.security.web.util.matcher.AnyRequestMatcher@1, [org.springframework.security.web.context.request.async.WebAsyncManagerIntegrationFilter@54d60fa1, org.springframework.security.web.context.SecurityContextPersistenceFilter@48ee3c2d, org.springframework.security.web.header.HeaderWriterFilter@578b2dec, org.springframework.security.web.authentication.logout.LogoutFilter@62054faf, org.springframework.security.web.authentication.UsernamePasswordAuthenticationFilter@70592729, org.springframework.security.web.savedrequest.RequestCacheAwareFilter@3a80c534, org.springframework.security.web.servletapi.SecurityContextHolderAwareRequestFilter@4ede035e, org.springframework.security.web.authentication.AnonymousAuthenticationFilter@1cb849b2, org.springframework.security.web.session.SessionManagementFilter@39f4a7c4, org.springframework.security.web.access.ExceptionTranslationFilter@1ef93e01, org.springframework.security.web.access.intercept.FilterSecurityInterceptor@8b89b3a]
2018-08-28 09:34:42.457  INFO 4320 --- [main] o.s.b.a.e.web.EndpointLinksResolver      : Exposing 2 endpoint(s) beneath base path '/actuator'
2018-08-28 09:34:42.457  INFO 4320 --- [main] s.b.a.e.w.s.WebMvcEndpointHandlerMapping : Mapped "{[/actuator/health],methods=[GET],produces=[application/vnd.spring-boot.actuator.v2+json || application/json]}" onto public java.lang.Object org.springframework.boot.actuate.endpoint.web.servlet.AbstractWebMvcEndpointHandlerMapping$OperationHandler.handle(javax.servlet.http.HttpServletRequest,java.util.Map<java.lang.String, java.lang.String>)
2018-08-28 09:34:42.457  INFO 4320 --- [main] s.b.a.e.w.s.WebMvcEndpointHandlerMapping : Mapped "{[/actuator/info],methods=[GET],produces=[application/vnd.spring-boot.actuator.v2+json || application/json]}" onto public java.lang.Object org.springframework.boot.actuate.endpoint.web.servlet.AbstractWebMvcEndpointHandlerMapping$OperationHandler.handle(javax.servlet.http.HttpServletRequest,java.util.Map<java.lang.String, java.lang.String>)
2018-08-28 09:34:42.457  INFO 4320 --- [main] s.b.a.e.w.s.WebMvcEndpointHandlerMapping : Mapped "{[/actuator],methods=[GET],produces=[application/vnd.spring-boot.actuator.v2+json || application/json]}" onto protected java.util.Map<java.lang.String, java.util.Map<java.lang.String, org.springframework.boot.actuate.endpoint.web.Link>> org.springframework.boot.actuate.endpoint.web.servlet.WebMvcEndpointHandlerMapping.links(javax.servlet.http.HttpServletRequest,javax.servlet.http.HttpServletResponse)
2018-08-28 09:34:42.513  INFO 4320 --- [main] o.s.j.e.a.AnnotationMBeanExporter        : Registering beans for JMX exposure on startup
2018-08-28 09:34:42.513  INFO 4320 --- [main] o.s.j.e.a.AnnotationMBeanExporter        : Bean with name 'masterDataSource' has been autodetected for JMX exposure
2018-08-28 09:34:42.513  INFO 4320 --- [main] o.s.j.e.a.AnnotationMBeanExporter        : Bean with name 'slave1DataSource' has been autodetected for JMX exposure
2018-08-28 09:34:42.513  INFO 4320 --- [main] o.s.j.e.a.AnnotationMBeanExporter        : Bean with name 'statFilter' has been autodetected for JMX exposure
2018-08-28 09:34:42.517  INFO 4320 --- [main] o.s.j.e.a.AnnotationMBeanExporter        : Located MBean 'masterDataSource': registering with JMX server as MBean [com.alibaba.druid.pool:name=masterDataSource,type=DruidDataSource]
2018-08-28 09:34:42.517  INFO 4320 --- [main] o.s.j.e.a.AnnotationMBeanExporter        : Located MBean 'slave1DataSource': registering with JMX server as MBean [com.alibaba.druid.pool:name=slave1DataSource,type=DruidDataSource]
2018-08-28 09:34:42.517  INFO 4320 --- [main] o.s.j.e.a.AnnotationMBeanExporter        : Located MBean 'statFilter': registering with JMX server as MBean [com.alibaba.druid.filter.stat:name=statFilter,type=StatFilter]
2018-08-28 09:34:42.550  INFO 4320 --- [main] o.s.b.w.embedded.tomcat.TomcatWebServer  : Tomcat started on port(s): 8080 (http) with context path ''
2018-08-28 09:34:42.550  INFO 4320 --- [main] c.f.s.SpringBootDemoApplication          : Started SpringBootDemoApplication in 6.192 seconds (JVM running for 6.499)
2018-08-28 09:35:01.329  INFO 4320 --- [http-nio-8080-exec-1] o.a.c.c.C.[Tomcat].[localhost].[/]       : Initializing Spring FrameworkServlet 'dispatcherServlet'
2018-08-28 09:35:01.329  INFO 4320 --- [http-nio-8080-exec-1] o.s.web.servlet.DispatcherServlet        : FrameworkServlet 'dispatcherServlet': initialization started
2018-08-28 09:35:01.354  INFO 4320 --- [http-nio-8080-exec-1] o.s.web.servlet.DispatcherServlet        : FrameworkServlet 'dispatcherServlet': initialization completed in 15 ms
2018-08-28 09:35:35.293 DEBUG 4320 --- [http-nio-8080-exec-6] c.f.s.d.m.s.m.T.findByUsername           : ==>  Preparing: SELECT ID, USERNAME, PASSWORD, REALNAME FROM T_USER WHERE USERNAME = ? 
2018-08-28 09:35:35.372 DEBUG 4320 --- [http-nio-8080-exec-6] c.f.s.d.m.s.m.T.findByUsername           : ==> Parameters: 1510001135(String)
2018-08-28 09:35:35.384 DEBUG 4320 --- [http-nio-8080-exec-6] c.f.s.d.m.s.m.T.findByUsername           : <==      Total: 1
2018-08-28 09:36:24.894 DEBUG 4320 --- [http-nio-8080-exec-9] c.f.s.d.m.s.m.T.findByUsername           : ==>  Preparing: SELECT ID, USERNAME, PASSWORD, REALNAME FROM T_USER WHERE USERNAME = ? 
2018-08-28 09:36:24.894 DEBUG 4320 --- [http-nio-8080-exec-9] c.f.s.d.m.s.m.T.findByUsername           : ==> Parameters: 1510001135(String)
2018-08-28 09:36:24.898 DEBUG 4320 --- [http-nio-8080-exec-9] c.f.s.d.m.s.m.T.findByUsername           : <==      Total: 1
2018-08-28 09:45:07.942  INFO 7252 --- [main] c.f.s.SpringBootDemoApplication          : Starting SpringBootDemoApplication on DELL-G3 with PID 7252 (D:\MyEclipseWorkspaces2017\spring-boot-demo\target\classes started by Administrator in D:\MyEclipseWorkspaces2017\spring-boot-demo)
2018-08-28 09:45:07.945 DEBUG 7252 --- [main] c.f.s.SpringBootDemoApplication          : Running with Spring Boot v2.0.4.RELEASE, Spring v5.0.8.RELEASE
2018-08-28 09:45:07.945  INFO 7252 --- [main] c.f.s.SpringBootDemoApplication          : The following profiles are active: fhzz
2018-08-28 09:45:07.968  INFO 7252 --- [main] ConfigServletWebServerApplicationContext : Refreshing org.springframework.boot.web.servlet.context.AnnotationConfigServletWebServerApplicationContext@1573f9fc: startup date [Tue Aug 28 09:45:07 CST 2018]; root of context hierarchy
2018-08-28 09:45:08.558  INFO 7252 --- [main] o.s.b.f.s.DefaultListableBeanFactory     : Overriding bean definition for bean 'statFilter' with a different definition: replacing [Root bean: class [null]; scope=; abstract=false; lazyInit=false; autowireMode=3; dependencyCheck=0; autowireCandidate=true; primary=false; factoryBeanName=druidConfiguration; factoryMethodName=statFilter; initMethodName=null; destroyMethodName=(inferred); defined in class path resource [com/fhzz/springbootdemo/configuration/druid/DruidConfiguration.class]] with [Root bean: class [null]; scope=; abstract=false; lazyInit=false; autowireMode=3; dependencyCheck=0; autowireCandidate=true; primary=false; factoryBeanName=com.alibaba.druid.spring.boot.autoconfigure.stat.DruidFilterConfiguration; factoryMethodName=statFilter; initMethodName=null; destroyMethodName=(inferred); defined in class path resource [com/alibaba/druid/spring/boot/autoconfigure/stat/DruidFilterConfiguration.class]]
2018-08-28 09:45:09.009  INFO 7252 --- [main] trationDelegate$BeanPostProcessorChecker : Bean 'org.springframework.transaction.annotation.ProxyTransactionManagementConfiguration' of type [org.springframework.transaction.annotation.ProxyTransactionManagementConfiguration$$EnhancerBySpringCGLIB$$7beb6de2] is not eligible for getting processed by all BeanPostProcessors (for example: not eligible for auto-proxying)
2018-08-28 09:45:09.551  INFO 7252 --- [main] o.s.b.w.embedded.tomcat.TomcatWebServer  : Tomcat initialized with port(s): 8080 (http)
2018-08-28 09:45:09.573  INFO 7252 --- [main] o.apache.catalina.core.StandardService   : Starting service [Tomcat]
2018-08-28 09:45:09.573  INFO 7252 --- [main] org.apache.catalina.core.StandardEngine  : Starting Servlet Engine: Apache Tomcat/8.5.32
2018-08-28 09:45:09.585  INFO 7252 --- [localhost-startStop-1] o.a.catalina.core.AprLifecycleListener   : The APR based Apache Tomcat Native library which allows optimal performance in production environments was not found on the java.library.path: [D:\Java\jdk1.8\bin;C:\WINDOWS\Sun\Java\bin;C:\WINDOWS\system32;C:\WINDOWS;C:\Windows\system32;C:\Windows;C:\Windows\System32\Wbem;C:\Windows\System32\WindowsPowerShell\v1.0\;C:\Program Files (x86)\NVIDIA Corporation\PhysX\Common;C:\Program Files\Intel\WiFi\bin\;C:\Program Files\Common Files\Intel\WirelessCommon\;C:\WINDOWS\system32;C:\WINDOWS;C:\WINDOWS\System32\Wbem;C:\WINDOWS\System32\WindowsPowerShell\v1.0\;C:\WINDOWS\System32\OpenSSH\;C:\Program Files\Git\cmd;C:\Program Files\TortoiseGit\bin;D:\Java\jdk1.8\bin;D:\Java\jdk1.8\jre\bin;D:\apache-maven-3.5.2\bin;C:\Users\Administrator\AppData\Local\Microsoft\WindowsApps;C:\Program Files\Intel\WiFi\bin\;C:\Program Files\Common Files\Intel\WirelessCommon\;;.]
2018-08-28 09:45:09.659  INFO 7252 --- [localhost-startStop-1] o.a.c.c.C.[Tomcat].[localhost].[/]       : Initializing Spring embedded WebApplicationContext
2018-08-28 09:45:09.659  INFO 7252 --- [localhost-startStop-1] o.s.web.context.ContextLoader            : Root WebApplicationContext: initialization completed in 1691 ms
2018-08-28 09:45:09.968  WARN 7252 --- [localhost-startStop-1] c.a.druid.pool.DruidAbstractDataSource   : oracle.jdbc.driver.OracleDriver is deprecated.Having use oracle.jdbc.OracleDriver.
2018-08-28 09:45:10.337  INFO 7252 --- [localhost-startStop-1] o.s.b.w.servlet.FilterRegistrationBean   : Mapping filter: 'characterEncodingFilter' to: [/*]
2018-08-28 09:45:10.337  INFO 7252 --- [localhost-startStop-1] o.s.b.w.servlet.FilterRegistrationBean   : Mapping filter: 'webMvcMetricsFilter' to: [/*]
2018-08-28 09:45:10.337  INFO 7252 --- [localhost-startStop-1] o.s.b.w.servlet.FilterRegistrationBean   : Mapping filter: 'hiddenHttpMethodFilter' to: [/*]
2018-08-28 09:45:10.337  INFO 7252 --- [localhost-startStop-1] o.s.b.w.servlet.FilterRegistrationBean   : Mapping filter: 'httpPutFormContentFilter' to: [/*]
2018-08-28 09:45:10.337  INFO 7252 --- [localhost-startStop-1] o.s.b.w.servlet.FilterRegistrationBean   : Mapping filter: 'requestContextFilter' to: [/*]
2018-08-28 09:45:10.337  INFO 7252 --- [localhost-startStop-1] .s.DelegatingFilterProxyRegistrationBean : Mapping filter: 'springSecurityFilterChain' to: [/*]
2018-08-28 09:45:10.337  INFO 7252 --- [localhost-startStop-1] o.s.b.w.servlet.FilterRegistrationBean   : Mapping filter: 'httpTraceFilter' to: [/*]
2018-08-28 09:45:10.337  INFO 7252 --- [localhost-startStop-1] o.s.b.w.servlet.FilterRegistrationBean   : Mapping filter: 'webStatFilter' to urls: [/*]
2018-08-28 09:45:10.337  INFO 7252 --- [localhost-startStop-1] o.s.b.w.servlet.ServletRegistrationBean  : Servlet statViewServlet mapped to [/druid/*]
2018-08-28 09:45:10.337  INFO 7252 --- [localhost-startStop-1] o.s.b.w.servlet.ServletRegistrationBean  : Servlet dispatcherServlet mapped to [/]
2018-08-28 09:45:10.337  INFO 7252 --- [localhost-startStop-1] o.s.b.w.servlet.ServletRegistrationBean  : Servlet statViewServlet mapped to [/druid/*]
2018-08-28 09:45:10.337  INFO 7252 --- [localhost-startStop-1] o.s.boot.web.servlet.RegistrationBean    : Servlet statViewServlet was not registered (possibly already registered?)
2018-08-28 09:45:11.102  INFO 7252 --- [main] com.alibaba.druid.pool.DruidDataSource   : {dataSource-1} inited
2018-08-28 09:45:11.130  INFO 7252 --- [main] j.LocalContainerEntityManagerFactoryBean : Building JPA container EntityManagerFactory for persistence unit 'masterPersistenceUnit'
2018-08-28 09:45:11.142  INFO 7252 --- [main] o.hibernate.jpa.internal.util.LogHelper  : HHH000204: Processing PersistenceUnitInfo [
	name: masterPersistenceUnit
	...]
2018-08-28 09:45:11.189  INFO 7252 --- [main] org.hibernate.Version                    : HHH000412: Hibernate Core {5.2.17.Final}
2018-08-28 09:45:11.189  INFO 7252 --- [main] org.hibernate.cfg.Environment            : HHH000206: hibernate.properties not found
2018-08-28 09:45:11.236  INFO 7252 --- [main] o.hibernate.annotations.common.Version   : HCANN000001: Hibernate Commons Annotations {5.0.1.Final}
2018-08-28 09:45:11.352  INFO 7252 --- [main] org.hibernate.dialect.Dialect            : HHH000400: Using dialect: org.hibernate.dialect.Oracle12cDialect
2018-08-28 09:45:11.410  INFO 7252 --- [main] org.hibernate.type.BasicTypeRegistry     : HHH000270: Type registration [byte[]] overrides previous : org.hibernate.type.BinaryType@67b355c8
2018-08-28 09:45:11.410  INFO 7252 --- [main] org.hibernate.type.BasicTypeRegistry     : HHH000270: Type registration [[B] overrides previous : org.hibernate.type.BinaryType@67b355c8
2018-08-28 09:45:11.410  INFO 7252 --- [main] org.hibernate.type.BasicTypeRegistry     : HHH000270: Type registration [Byte[]] overrides previous : org.hibernate.type.WrapperBinaryType@46e3559f
2018-08-28 09:45:11.410  INFO 7252 --- [main] org.hibernate.type.BasicTypeRegistry     : HHH000270: Type registration [[Ljava.lang.Byte;] overrides previous : org.hibernate.type.WrapperBinaryType@46e3559f
2018-08-28 09:45:11.525  WARN 7252 --- [main] org.hibernate.id.UUIDHexGenerator        : HHH000409: Using org.hibernate.id.UUIDHexGenerator which does not generate IETF RFC 4122 compliant UUID values; consider using org.hibernate.id.UUIDGenerator instead
2018-08-28 09:45:11.784  INFO 7252 --- [main] j.LocalContainerEntityManagerFactoryBean : Initialized JPA EntityManagerFactory for persistence unit 'masterPersistenceUnit'
2018-08-28 09:45:11.795  INFO 7252 --- [main] j.LocalContainerEntityManagerFactoryBean : Building JPA container EntityManagerFactory for persistence unit 'slave1PersistenceUnit'
2018-08-28 09:45:11.795  INFO 7252 --- [main] o.hibernate.jpa.internal.util.LogHelper  : HHH000204: Processing PersistenceUnitInfo [
	name: slave1PersistenceUnit
	...]
2018-08-28 09:45:12.024  INFO 7252 --- [main] com.alibaba.druid.pool.DruidDataSource   : {dataSource-2} inited
2018-08-28 09:45:12.024  INFO 7252 --- [main] org.hibernate.dialect.Dialect            : HHH000400: Using dialect: org.hibernate.dialect.Oracle12cDialect
2018-08-28 09:45:12.161  INFO 7252 --- [main] org.hibernate.type.BasicTypeRegistry     : HHH000270: Type registration [byte[]] overrides previous : org.hibernate.type.BinaryType@67b355c8
2018-08-28 09:45:12.167  INFO 7252 --- [main] org.hibernate.type.BasicTypeRegistry     : HHH000270: Type registration [[B] overrides previous : org.hibernate.type.BinaryType@67b355c8
2018-08-28 09:45:12.167  INFO 7252 --- [main] org.hibernate.type.BasicTypeRegistry     : HHH000270: Type registration [Byte[]] overrides previous : org.hibernate.type.WrapperBinaryType@46e3559f
2018-08-28 09:45:12.167  INFO 7252 --- [main] org.hibernate.type.BasicTypeRegistry     : HHH000270: Type registration [[Ljava.lang.Byte;] overrides previous : org.hibernate.type.WrapperBinaryType@46e3559f
2018-08-28 09:45:12.180  INFO 7252 --- [main] j.LocalContainerEntityManagerFactoryBean : Initialized JPA EntityManagerFactory for persistence unit 'slave1PersistenceUnit'
2018-08-28 09:45:12.840  INFO 7252 --- [main] o.s.w.s.handler.SimpleUrlHandlerMapping  : Mapped URL path [/**/favicon.ico] onto handler of type [class org.springframework.web.servlet.resource.ResourceHttpRequestHandler]
2018-08-28 09:45:12.985  INFO 7252 --- [main] s.w.s.m.m.a.RequestMappingHandlerAdapter : Looking for @ControllerAdvice: org.springframework.boot.web.servlet.context.AnnotationConfigServletWebServerApplicationContext@1573f9fc: startup date [Tue Aug 28 09:45:07 CST 2018]; root of context hierarchy
2018-08-28 09:45:13.018  WARN 7252 --- [main] aWebConfiguration$JpaWebMvcConfiguration : spring.jpa.open-in-view is enabled by default. Therefore, database queries may be performed during view rendering. Explicitly configure spring.jpa.open-in-view to disable this warning
2018-08-28 09:45:13.046  INFO 7252 --- [main] s.w.s.m.m.a.RequestMappingHandlerMapping : Mapped "{[/attendance/index]}" onto public java.lang.String com.fhzz.springbootdemo.controller.attendance.AttendanceController.index(org.springframework.ui.Model)
2018-08-28 09:45:13.046  INFO 7252 --- [main] s.w.s.m.m.a.RequestMappingHandlerMapping : Mapped "{[/attendance/openAttendanceDetails]}" onto public java.lang.String com.fhzz.springbootdemo.controller.attendance.AttendanceController.openAttendanceDetails(org.springframework.ui.Model,java.lang.String)
2018-08-28 09:45:13.046  INFO 7252 --- [main] s.w.s.m.m.a.RequestMappingHandlerMapping : Mapped "{[/attendance/modifyAttendanceDetails]}" onto public java.util.Map<java.lang.String, java.lang.Object> com.fhzz.springbootdemo.controller.attendance.AttendanceController.modifyAttendanceDetails(com.fhzz.springbootdemo.entity.master.attendance.TAttendanceDetail,javax.servlet.http.HttpServletRequest)
2018-08-28 09:45:13.046  INFO 7252 --- [main] s.w.s.m.m.a.RequestMappingHandlerMapping : Mapped "{[/attendance/queryAttendanceDetails]}" onto public java.util.Map<java.lang.String, java.lang.Object> com.fhzz.springbootdemo.controller.attendance.AttendanceController.queryAttendanceDetails(java.lang.String)
2018-08-28 09:45:13.046  INFO 7252 --- [main] s.w.s.m.m.a.RequestMappingHandlerMapping : Mapped "{[/attendance/queryAttendanceList]}" onto public java.util.Map<java.lang.String, java.lang.Object> com.fhzz.springbootdemo.controller.attendance.AttendanceController.queryAttendanceList()
2018-08-28 09:45:13.046  INFO 7252 --- [main] s.w.s.m.m.a.RequestMappingHandlerMapping : Mapped "{[/attendance/openModifyAttendanceDetails]}" onto public java.lang.String com.fhzz.springbootdemo.controller.attendance.AttendanceController.openModifyAttendanceDetails(org.springframework.ui.Model,java.lang.String)
2018-08-28 09:45:13.046  INFO 7252 --- [main] s.w.s.m.m.a.RequestMappingHandlerMapping : Mapped "{[/attendance/download]}" onto public void com.fhzz.springbootdemo.controller.attendance.AttendanceController.Download(java.lang.String,javax.servlet.http.HttpServletResponse) throws java.io.UnsupportedEncodingException
2018-08-28 09:45:13.046  INFO 7252 --- [main] s.w.s.m.m.a.RequestMappingHandlerMapping : Mapped "{[/attendance/fileUpload]}" onto public java.util.Map<java.lang.String, java.lang.Object> com.fhzz.springbootdemo.controller.attendance.AttendanceController.fileUpload(org.springframework.web.multipart.MultipartFile,java.lang.String,java.lang.String)
2018-08-28 09:45:13.046  INFO 7252 --- [main] s.w.s.m.m.a.RequestMappingHandlerMapping : Mapped "{[/attendance/getTitleTip]}" onto public java.lang.String com.fhzz.springbootdemo.controller.attendance.AttendanceController.getTitleTip(java.lang.String,java.lang.String)
2018-08-28 09:45:13.046  INFO 7252 --- [main] s.w.s.m.m.a.RequestMappingHandlerMapping : Mapped "{[/attendance/queryAttendanceDetailsByYearMonth]}" onto public java.util.Map<java.lang.String, java.lang.Object> com.fhzz.springbootdemo.controller.attendance.AttendanceController.queryAttendanceDetailsByYearMonth(java.lang.String,java.lang.String,java.lang.String)
2018-08-28 09:45:13.046  INFO 7252 --- [main] s.w.s.m.m.a.RequestMappingHandlerMapping : Mapped "{[/demo/bootstrap/bootstrapDemo]}" onto public java.lang.String com.fhzz.springbootdemo.controller.demo.bootstratp.BootstrapController.index(org.springframework.ui.Model)
2018-08-28 09:45:13.046  INFO 7252 --- [main] s.w.s.m.m.a.RequestMappingHandlerMapping : Mapped "{[/demo/druid/getAllByMasterJpa]}" onto public java.util.List<com.fhzz.springbootdemo.entity.master.OracleDemoTable> com.fhzz.springbootdemo.controller.demo.druid.DruidRestController.getAllByMasterJpa()
2018-08-28 09:45:13.046  INFO 7252 --- [main] s.w.s.m.m.a.RequestMappingHandlerMapping : Mapped "{[/demo/druid/getAllBySlave1Jpa]}" onto public java.util.List<com.fhzz.springbootdemo.entity.slave1.MysqlDemoTable> com.fhzz.springbootdemo.controller.demo.druid.DruidRestController.getAllBySlave1Jpa()
2018-08-28 09:45:13.046  INFO 7252 --- [main] s.w.s.m.m.a.RequestMappingHandlerMapping : Mapped "{[/demo/druid/getAllByMasterMybatis]}" onto public java.util.List<com.fhzz.springbootdemo.entity.master.OracleDemoTable> com.fhzz.springbootdemo.controller.demo.druid.DruidRestController.getAllByMasterMybatis()
2018-08-28 09:45:13.046  INFO 7252 --- [main] s.w.s.m.m.a.RequestMappingHandlerMapping : Mapped "{[/demo/druid/getAllBySlave1Mybatis]}" onto public java.util.List<com.fhzz.springbootdemo.entity.slave1.MysqlDemoTable> com.fhzz.springbootdemo.controller.demo.druid.DruidRestController.getAllBySlave1Mybatis()
2018-08-28 09:45:13.046  INFO 7252 --- [main] s.w.s.m.m.a.RequestMappingHandlerMapping : Mapped "{[/demo/index/index]}" onto public java.lang.String com.fhzz.springbootdemo.controller.demo.index.IndexController.index(org.springframework.ui.Model)
2018-08-28 09:45:13.046  INFO 7252 --- [main] s.w.s.m.m.a.RequestMappingHandlerMapping : Mapped "{[/demo/jpa/openList]}" onto public java.lang.String com.fhzz.springbootdemo.controller.demo.jpa.JpaController.list(org.springframework.ui.Model)
2018-08-28 09:45:13.046  INFO 7252 --- [main] s.w.s.m.m.a.RequestMappingHandlerMapping : Mapped "{[/demo/jpa/toAdd]}" onto public java.lang.String com.fhzz.springbootdemo.controller.demo.jpa.JpaController.toAdd()
2018-08-28 09:45:13.046  INFO 7252 --- [main] s.w.s.m.m.a.RequestMappingHandlerMapping : Mapped "{[/demo/jpa/toEdit]}" onto public java.lang.String com.fhzz.springbootdemo.controller.demo.jpa.JpaController.toEdit(org.springframework.ui.Model,java.lang.String)
2018-08-28 09:45:13.046  INFO 7252 --- [main] s.w.s.m.m.a.RequestMappingHandlerMapping : Mapped "{[/demo/jpa/delete]}" onto public java.util.Map<java.lang.String, java.lang.Object> com.fhzz.springbootdemo.controller.demo.jpa.JpaRestController.delete(java.lang.String)
2018-08-28 09:45:13.046  INFO 7252 --- [main] s.w.s.m.m.a.RequestMappingHandlerMapping : Mapped "{[/demo/jpa/queryList]}" onto public java.util.Map<java.lang.String, java.lang.Object> com.fhzz.springbootdemo.controller.demo.jpa.JpaRestController.list(com.fhzz.springbootdemo.entity.master.OracleDemoTable)
2018-08-28 09:45:13.046  INFO 7252 --- [main] s.w.s.m.m.a.RequestMappingHandlerMapping : Mapped "{[/demo/jpa/add]}" onto public java.util.Map<java.lang.String, java.lang.Object> com.fhzz.springbootdemo.controller.demo.jpa.JpaRestController.save(com.fhzz.springbootdemo.entity.master.OracleDemoTable) throws java.lang.Exception
2018-08-28 09:45:13.046  INFO 7252 --- [main] s.w.s.m.m.a.RequestMappingHandlerMapping : Mapped "{[/demo/jpa/edit]}" onto public java.util.Map<java.lang.String, java.lang.Object> com.fhzz.springbootdemo.controller.demo.jpa.JpaRestController.edit(com.fhzz.springbootdemo.entity.master.OracleDemoTable)
2018-08-28 09:45:13.046  INFO 7252 --- [main] s.w.s.m.m.a.RequestMappingHandlerMapping : Mapped "{[/openModifyPassword]}" onto public java.lang.String com.fhzz.springbootdemo.controller.login.LoginController.openModifyPassword(org.springframework.ui.Model)
2018-08-28 09:45:13.046  INFO 7252 --- [main] s.w.s.m.m.a.RequestMappingHandlerMapping : Mapped "{[/login]}" onto public java.lang.String com.fhzz.springbootdemo.controller.login.LoginController.login(org.springframework.ui.Model)
2018-08-28 09:45:13.046  INFO 7252 --- [main] s.w.s.m.m.a.RequestMappingHandlerMapping : Mapped "{[/modifyPassword]}" onto public java.util.Map<java.lang.String, java.lang.Object> com.fhzz.springbootdemo.controller.login.LoginController.modifyPassword(java.lang.String,java.lang.String)
2018-08-28 09:45:13.057  INFO 7252 --- [main] s.w.s.m.m.a.RequestMappingHandlerMapping : Mapped "{[/error]}" onto public org.springframework.http.ResponseEntity<java.util.Map<java.lang.String, java.lang.Object>> org.springframework.boot.autoconfigure.web.servlet.error.BasicErrorController.error(javax.servlet.http.HttpServletRequest)
2018-08-28 09:45:13.057  INFO 7252 --- [main] s.w.s.m.m.a.RequestMappingHandlerMapping : Mapped "{[/error],produces=[text/html]}" onto public org.springframework.web.servlet.ModelAndView org.springframework.boot.autoconfigure.web.servlet.error.BasicErrorController.errorHtml(javax.servlet.http.HttpServletRequest,javax.servlet.http.HttpServletResponse)
2018-08-28 09:45:13.068  INFO 7252 --- [main] o.s.w.s.handler.SimpleUrlHandlerMapping  : Mapped URL path [/webjars/**] onto handler of type [class org.springframework.web.servlet.resource.ResourceHttpRequestHandler]
2018-08-28 09:45:13.079  INFO 7252 --- [main] o.s.w.s.handler.SimpleUrlHandlerMapping  : Mapped URL path [/**] onto handler of type [class org.springframework.web.servlet.resource.ResourceHttpRequestHandler]
2018-08-28 09:45:13.128  WARN 7252 --- [main] org.thymeleaf.templatemode.TemplateMode  : [THYMELEAF][main] Template Mode 'LEGACYHTML5' is deprecated. Using Template Mode 'HTML' instead.
2018-08-28 09:45:13.478  INFO 7252 --- [main] o.s.s.web.DefaultSecurityFilterChain     : Creating filter chain: Ant [pattern='/jquery/**'], []
2018-08-28 09:45:13.478  INFO 7252 --- [main] o.s.s.web.DefaultSecurityFilterChain     : Creating filter chain: Ant [pattern='/bootstrap/**'], []
2018-08-28 09:45:13.480  INFO 7252 --- [main] o.s.s.web.DefaultSecurityFilterChain     : Creating filter chain: Ant [pattern='/js/**'], []
2018-08-28 09:45:13.480  INFO 7252 --- [main] o.s.s.web.DefaultSecurityFilterChain     : Creating filter chain: Ant [pattern='/css/**'], []
2018-08-28 09:45:13.526  INFO 7252 --- [main] o.s.s.web.DefaultSecurityFilterChain     : Creating filter chain: org.springframework.security.web.util.matcher.AnyRequestMatcher@1, [org.springframework.security.web.context.request.async.WebAsyncManagerIntegrationFilter@4ca5cb99, org.springframework.security.web.context.SecurityContextPersistenceFilter@62054faf, org.springframework.security.web.header.HeaderWriterFilter@4272d8cf, org.springframework.security.web.authentication.logout.LogoutFilter@6cde0c69, org.springframework.security.web.authentication.UsernamePasswordAuthenticationFilter@474ce6b8, org.springframework.security.web.savedrequest.RequestCacheAwareFilter@20f63ddc, org.springframework.security.web.servletapi.SecurityContextHolderAwareRequestFilter@1efcba00, org.springframework.security.web.authentication.AnonymousAuthenticationFilter@7853363c, org.springframework.security.web.session.SessionManagementFilter@70ecf57b, org.springframework.security.web.access.ExceptionTranslationFilter@39afe59f, org.springframework.security.web.access.intercept.FilterSecurityInterceptor@54d60fa1]
2018-08-28 09:45:13.552  INFO 7252 --- [main] o.s.b.a.e.web.EndpointLinksResolver      : Exposing 2 endpoint(s) beneath base path '/actuator'
2018-08-28 09:45:13.564  INFO 7252 --- [main] s.b.a.e.w.s.WebMvcEndpointHandlerMapping : Mapped "{[/actuator/health],methods=[GET],produces=[application/vnd.spring-boot.actuator.v2+json || application/json]}" onto public java.lang.Object org.springframework.boot.actuate.endpoint.web.servlet.AbstractWebMvcEndpointHandlerMapping$OperationHandler.handle(javax.servlet.http.HttpServletRequest,java.util.Map<java.lang.String, java.lang.String>)
2018-08-28 09:45:13.564  INFO 7252 --- [main] s.b.a.e.w.s.WebMvcEndpointHandlerMapping : Mapped "{[/actuator/info],methods=[GET],produces=[application/vnd.spring-boot.actuator.v2+json || application/json]}" onto public java.lang.Object org.springframework.boot.actuate.endpoint.web.servlet.AbstractWebMvcEndpointHandlerMapping$OperationHandler.handle(javax.servlet.http.HttpServletRequest,java.util.Map<java.lang.String, java.lang.String>)
2018-08-28 09:45:13.564  INFO 7252 --- [main] s.b.a.e.w.s.WebMvcEndpointHandlerMapping : Mapped "{[/actuator],methods=[GET],produces=[application/vnd.spring-boot.actuator.v2+json || application/json]}" onto protected java.util.Map<java.lang.String, java.util.Map<java.lang.String, org.springframework.boot.actuate.endpoint.web.Link>> org.springframework.boot.actuate.endpoint.web.servlet.WebMvcEndpointHandlerMapping.links(javax.servlet.http.HttpServletRequest,javax.servlet.http.HttpServletResponse)
2018-08-28 09:45:13.613  INFO 7252 --- [main] o.s.j.e.a.AnnotationMBeanExporter        : Registering beans for JMX exposure on startup
2018-08-28 09:45:13.614  INFO 7252 --- [main] o.s.j.e.a.AnnotationMBeanExporter        : Bean with name 'masterDataSource' has been autodetected for JMX exposure
2018-08-28 09:45:13.614  INFO 7252 --- [main] o.s.j.e.a.AnnotationMBeanExporter        : Bean with name 'slave1DataSource' has been autodetected for JMX exposure
2018-08-28 09:45:13.614  INFO 7252 --- [main] o.s.j.e.a.AnnotationMBeanExporter        : Bean with name 'statFilter' has been autodetected for JMX exposure
2018-08-28 09:45:13.614  INFO 7252 --- [main] o.s.j.e.a.AnnotationMBeanExporter        : Located MBean 'masterDataSource': registering with JMX server as MBean [com.alibaba.druid.pool:name=masterDataSource,type=DruidDataSource]
2018-08-28 09:45:13.614  INFO 7252 --- [main] o.s.j.e.a.AnnotationMBeanExporter        : Located MBean 'slave1DataSource': registering with JMX server as MBean [com.alibaba.druid.pool:name=slave1DataSource,type=DruidDataSource]
2018-08-28 09:45:13.614  INFO 7252 --- [main] o.s.j.e.a.AnnotationMBeanExporter        : Located MBean 'statFilter': registering with JMX server as MBean [com.alibaba.druid.filter.stat:name=statFilter,type=StatFilter]
2018-08-28 09:45:13.649  INFO 7252 --- [main] o.s.b.w.embedded.tomcat.TomcatWebServer  : Tomcat started on port(s): 8080 (http) with context path ''
2018-08-28 09:45:13.649  INFO 7252 --- [main] c.f.s.SpringBootDemoApplication          : Started SpringBootDemoApplication in 5.998 seconds (JVM running for 6.309)
2018-08-28 09:45:27.448  INFO 7252 --- [http-nio-8080-exec-1] o.a.c.c.C.[Tomcat].[localhost].[/]       : Initializing Spring FrameworkServlet 'dispatcherServlet'
2018-08-28 09:45:27.448  INFO 7252 --- [http-nio-8080-exec-1] o.s.web.servlet.DispatcherServlet        : FrameworkServlet 'dispatcherServlet': initialization started
2018-08-28 09:45:27.468  INFO 7252 --- [http-nio-8080-exec-1] o.s.web.servlet.DispatcherServlet        : FrameworkServlet 'dispatcherServlet': initialization completed in 14 ms
2018-08-28 09:45:36.207 DEBUG 7252 --- [http-nio-8080-exec-8] c.f.s.d.m.s.m.T.findByUsername           : ==>  Preparing: SELECT ID, USERNAME, PASSWORD, REALNAME FROM T_USER WHERE USERNAME = ? 
2018-08-28 09:45:36.286 DEBUG 7252 --- [http-nio-8080-exec-8] c.f.s.d.m.s.m.T.findByUsername           : ==> Parameters: 1510001135(String)
2018-08-28 09:45:36.307 DEBUG 7252 --- [http-nio-8080-exec-8] c.f.s.d.m.s.m.T.findByUsername           : <==      Total: 1
2018-08-28 09:45:52.833 DEBUG 7252 --- [http-nio-8080-exec-5] c.f.s.d.m.s.m.T.findByUsername           : ==>  Preparing: SELECT ID, USERNAME, PASSWORD, REALNAME FROM T_USER WHERE USERNAME = ? 
2018-08-28 09:45:52.833 DEBUG 7252 --- [http-nio-8080-exec-5] c.f.s.d.m.s.m.T.findByUsername           : ==> Parameters: 1510001135(String)
2018-08-28 09:45:52.835 DEBUG 7252 --- [http-nio-8080-exec-5] c.f.s.d.m.s.m.T.findByUsername           : <==      Total: 1
2018-08-28 10:03:58.517 ERROR 7252 --- [http-nio-8080-exec-10] o.a.c.c.C.[.[.[/].[dispatcherServlet]    : Servlet.service() for servlet [dispatcherServlet] in context with path [] threw exception

org.springframework.security.web.firewall.RequestRejectedException: The request was rejected because the URL was not normalized.
	at org.springframework.security.web.firewall.StrictHttpFirewall.getFirewalledRequest(StrictHttpFirewall.java:248) ~[spring-security-web-5.0.7.RELEASE.jar:5.0.7.RELEASE]
	at org.springframework.security.web.FilterChainProxy.doFilterInternal(FilterChainProxy.java:194) ~[spring-security-web-5.0.7.RELEASE.jar:5.0.7.RELEASE]
	at org.springframework.security.web.FilterChainProxy.doFilter(FilterChainProxy.java:178) ~[spring-security-web-5.0.7.RELEASE.jar:5.0.7.RELEASE]
	at org.springframework.web.filter.DelegatingFilterProxy.invokeDelegate(DelegatingFilterProxy.java:357) ~[spring-web-5.0.8.RELEASE.jar:5.0.8.RELEASE]
	at org.springframework.web.filter.DelegatingFilterProxy.doFilter(DelegatingFilterProxy.java:270) ~[spring-web-5.0.8.RELEASE.jar:5.0.8.RELEASE]
	at org.apache.catalina.core.ApplicationFilterChain.internalDoFilter(ApplicationFilterChain.java:193) ~[tomcat-embed-core-8.5.32.jar:8.5.32]
	at org.apache.catalina.core.ApplicationFilterChain.doFilter(ApplicationFilterChain.java:166) ~[tomcat-embed-core-8.5.32.jar:8.5.32]
	at org.springframework.web.filter.RequestContextFilter.doFilterInternal(RequestContextFilter.java:99) ~[spring-web-5.0.8.RELEASE.jar:5.0.8.RELEASE]
	at org.springframework.web.filter.OncePerRequestFilter.doFilter(OncePerRequestFilter.java:107) ~[spring-web-5.0.8.RELEASE.jar:5.0.8.RELEASE]
	at org.apache.catalina.core.ApplicationFilterChain.internalDoFilter(ApplicationFilterChain.java:193) ~[tomcat-embed-core-8.5.32.jar:8.5.32]
	at org.apache.catalina.core.ApplicationFilterChain.doFilter(ApplicationFilterChain.java:166) ~[tomcat-embed-core-8.5.32.jar:8.5.32]
	at org.springframework.web.filter.HttpPutFormContentFilter.doFilterInternal(HttpPutFormContentFilter.java:109) ~[spring-web-5.0.8.RELEASE.jar:5.0.8.RELEASE]
	at org.springframework.web.filter.OncePerRequestFilter.doFilter(OncePerRequestFilter.java:107) ~[spring-web-5.0.8.RELEASE.jar:5.0.8.RELEASE]
	at org.apache.catalina.core.ApplicationFilterChain.internalDoFilter(ApplicationFilterChain.java:193) ~[tomcat-embed-core-8.5.32.jar:8.5.32]
	at org.apache.catalina.core.ApplicationFilterChain.doFilter(ApplicationFilterChain.java:166) ~[tomcat-embed-core-8.5.32.jar:8.5.32]
	at org.springframework.web.filter.HiddenHttpMethodFilter.doFilterInternal(HiddenHttpMethodFilter.java:93) ~[spring-web-5.0.8.RELEASE.jar:5.0.8.RELEASE]
	at org.springframework.web.filter.OncePerRequestFilter.doFilter(OncePerRequestFilter.java:107) ~[spring-web-5.0.8.RELEASE.jar:5.0.8.RELEASE]
	at org.apache.catalina.core.ApplicationFilterChain.internalDoFilter(ApplicationFilterChain.java:193) ~[tomcat-embed-core-8.5.32.jar:8.5.32]
	at org.apache.catalina.core.ApplicationFilterChain.doFilter(ApplicationFilterChain.java:166) ~[tomcat-embed-core-8.5.32.jar:8.5.32]
	at org.springframework.boot.actuate.metrics.web.servlet.WebMvcMetricsFilter.filterAndRecordMetrics(WebMvcMetricsFilter.java:155) ~[spring-boot-actuator-2.0.4.RELEASE.jar:2.0.4.RELEASE]
	at org.springframework.boot.actuate.metrics.web.servlet.WebMvcMetricsFilter.filterAndRecordMetrics(WebMvcMetricsFilter.java:123) ~[spring-boot-actuator-2.0.4.RELEASE.jar:2.0.4.RELEASE]
	at org.springframework.boot.actuate.metrics.web.servlet.WebMvcMetricsFilter.doFilterInternal(WebMvcMetricsFilter.java:108) ~[spring-boot-actuator-2.0.4.RELEASE.jar:2.0.4.RELEASE]
	at org.springframework.web.filter.OncePerRequestFilter.doFilter(OncePerRequestFilter.java:107) ~[spring-web-5.0.8.RELEASE.jar:5.0.8.RELEASE]
	at org.apache.catalina.core.ApplicationFilterChain.internalDoFilter(ApplicationFilterChain.java:193) ~[tomcat-embed-core-8.5.32.jar:8.5.32]
	at org.apache.catalina.core.ApplicationFilterChain.doFilter(ApplicationFilterChain.java:166) ~[tomcat-embed-core-8.5.32.jar:8.5.32]
	at org.springframework.web.filter.CharacterEncodingFilter.doFilterInternal(CharacterEncodingFilter.java:200) ~[spring-web-5.0.8.RELEASE.jar:5.0.8.RELEASE]
	at org.springframework.web.filter.OncePerRequestFilter.doFilter(OncePerRequestFilter.java:107) ~[spring-web-5.0.8.RELEASE.jar:5.0.8.RELEASE]
	at org.apache.catalina.core.ApplicationFilterChain.internalDoFilter(ApplicationFilterChain.java:193) ~[tomcat-embed-core-8.5.32.jar:8.5.32]
	at org.apache.catalina.core.ApplicationFilterChain.doFilter(ApplicationFilterChain.java:166) ~[tomcat-embed-core-8.5.32.jar:8.5.32]
	at org.apache.catalina.core.StandardWrapperValve.invoke(StandardWrapperValve.java:198) ~[tomcat-embed-core-8.5.32.jar:8.5.32]
	at org.apache.catalina.core.StandardContextValve.invoke(StandardContextValve.java:96) [tomcat-embed-core-8.5.32.jar:8.5.32]
	at org.apache.catalina.authenticator.AuthenticatorBase.invoke(AuthenticatorBase.java:493) [tomcat-embed-core-8.5.32.jar:8.5.32]
	at org.apache.catalina.core.StandardHostValve.invoke(StandardHostValve.java:140) [tomcat-embed-core-8.5.32.jar:8.5.32]
	at org.apache.catalina.valves.ErrorReportValve.invoke(ErrorReportValve.java:81) [tomcat-embed-core-8.5.32.jar:8.5.32]
	at org.apache.catalina.core.StandardEngineValve.invoke(StandardEngineValve.java:87) [tomcat-embed-core-8.5.32.jar:8.5.32]
	at org.apache.catalina.connector.CoyoteAdapter.service(CoyoteAdapter.java:342) [tomcat-embed-core-8.5.32.jar:8.5.32]
	at org.apache.coyote.http11.Http11Processor.service(Http11Processor.java:800) [tomcat-embed-core-8.5.32.jar:8.5.32]
	at org.apache.coyote.AbstractProcessorLight.process(AbstractProcessorLight.java:66) [tomcat-embed-core-8.5.32.jar:8.5.32]
	at org.apache.coyote.AbstractProtocol$ConnectionHandler.process(AbstractProtocol.java:800) [tomcat-embed-core-8.5.32.jar:8.5.32]
	at org.apache.tomcat.util.net.NioEndpoint$SocketProcessor.doRun(NioEndpoint.java:1471) [tomcat-embed-core-8.5.32.jar:8.5.32]
	at org.apache.tomcat.util.net.SocketProcessorBase.run(SocketProcessorBase.java:49) [tomcat-embed-core-8.5.32.jar:8.5.32]
	at java.util.concurrent.ThreadPoolExecutor.runWorker(ThreadPoolExecutor.java:1142) [na:1.8.0_31]
	at java.util.concurrent.ThreadPoolExecutor$Worker.run(ThreadPoolExecutor.java:617) [na:1.8.0_31]
	at org.apache.tomcat.util.threads.TaskThread$WrappingRunnable.run(TaskThread.java:61) [tomcat-embed-core-8.5.32.jar:8.5.32]
	at java.lang.Thread.run(Thread.java:745) [na:1.8.0_31]

2018-08-28 10:04:32.884  INFO 2244 --- [main] c.f.s.SpringBootDemoApplication          : Starting SpringBootDemoApplication on DELL-G3 with PID 2244 (D:\MyEclipseWorkspaces2017\spring-boot-demo\target\classes started by Administrator in D:\MyEclipseWorkspaces2017\spring-boot-demo)
2018-08-28 10:04:32.889 DEBUG 2244 --- [main] c.f.s.SpringBootDemoApplication          : Running with Spring Boot v2.0.4.RELEASE, Spring v5.0.8.RELEASE
2018-08-28 10:04:32.890  INFO 2244 --- [main] c.f.s.SpringBootDemoApplication          : The following profiles are active: fhzz
2018-08-28 10:04:32.918  INFO 2244 --- [main] ConfigServletWebServerApplicationContext : Refreshing org.springframework.boot.web.servlet.context.AnnotationConfigServletWebServerApplicationContext@327514f: startup date [Tue Aug 28 10:04:32 CST 2018]; root of context hierarchy
2018-08-28 10:04:33.546  INFO 2244 --- [main] o.s.b.f.s.DefaultListableBeanFactory     : Overriding bean definition for bean 'statFilter' with a different definition: replacing [Root bean: class [null]; scope=; abstract=false; lazyInit=false; autowireMode=3; dependencyCheck=0; autowireCandidate=true; primary=false; factoryBeanName=druidConfiguration; factoryMethodName=statFilter; initMethodName=null; destroyMethodName=(inferred); defined in class path resource [com/fhzz/springbootdemo/configuration/druid/DruidConfiguration.class]] with [Root bean: class [null]; scope=; abstract=false; lazyInit=false; autowireMode=3; dependencyCheck=0; autowireCandidate=true; primary=false; factoryBeanName=com.alibaba.druid.spring.boot.autoconfigure.stat.DruidFilterConfiguration; factoryMethodName=statFilter; initMethodName=null; destroyMethodName=(inferred); defined in class path resource [com/alibaba/druid/spring/boot/autoconfigure/stat/DruidFilterConfiguration.class]]
2018-08-28 10:04:34.026  INFO 2244 --- [main] trationDelegate$BeanPostProcessorChecker : Bean 'org.springframework.transaction.annotation.ProxyTransactionManagementConfiguration' of type [org.springframework.transaction.annotation.ProxyTransactionManagementConfiguration$$EnhancerBySpringCGLIB$$79a189f] is not eligible for getting processed by all BeanPostProcessors (for example: not eligible for auto-proxying)
2018-08-28 10:04:34.607  INFO 2244 --- [main] o.s.b.w.embedded.tomcat.TomcatWebServer  : Tomcat initialized with port(s): 8080 (http)
2018-08-28 10:04:34.627  INFO 2244 --- [main] o.apache.catalina.core.StandardService   : Starting service [Tomcat]
2018-08-28 10:04:34.627  INFO 2244 --- [main] org.apache.catalina.core.StandardEngine  : Starting Servlet Engine: Apache Tomcat/8.5.32
2018-08-28 10:04:34.634  INFO 2244 --- [localhost-startStop-1] o.a.catalina.core.AprLifecycleListener   : The APR based Apache Tomcat Native library which allows optimal performance in production environments was not found on the java.library.path: [D:\Java\jdk1.8\bin;C:\WINDOWS\Sun\Java\bin;C:\WINDOWS\system32;C:\WINDOWS;C:\Windows\system32;C:\Windows;C:\Windows\System32\Wbem;C:\Windows\System32\WindowsPowerShell\v1.0\;C:\Program Files (x86)\NVIDIA Corporation\PhysX\Common;C:\Program Files\Intel\WiFi\bin\;C:\Program Files\Common Files\Intel\WirelessCommon\;C:\WINDOWS\system32;C:\WINDOWS;C:\WINDOWS\System32\Wbem;C:\WINDOWS\System32\WindowsPowerShell\v1.0\;C:\WINDOWS\System32\OpenSSH\;C:\Program Files\Git\cmd;C:\Program Files\TortoiseGit\bin;D:\Java\jdk1.8\bin;D:\Java\jdk1.8\jre\bin;D:\apache-maven-3.5.2\bin;C:\Users\Administrator\AppData\Local\Microsoft\WindowsApps;C:\Program Files\Intel\WiFi\bin\;C:\Program Files\Common Files\Intel\WirelessCommon\;;.]
2018-08-28 10:04:34.713  INFO 2244 --- [localhost-startStop-1] o.a.c.c.C.[Tomcat].[localhost].[/]       : Initializing Spring embedded WebApplicationContext
2018-08-28 10:04:34.714  INFO 2244 --- [localhost-startStop-1] o.s.web.context.ContextLoader            : Root WebApplicationContext: initialization completed in 1796 ms
2018-08-28 10:04:35.022  WARN 2244 --- [localhost-startStop-1] c.a.druid.pool.DruidAbstractDataSource   : oracle.jdbc.driver.OracleDriver is deprecated.Having use oracle.jdbc.OracleDriver.
2018-08-28 10:04:35.393  INFO 2244 --- [localhost-startStop-1] o.s.b.w.servlet.FilterRegistrationBean   : Mapping filter: 'characterEncodingFilter' to: [/*]
2018-08-28 10:04:35.394  INFO 2244 --- [localhost-startStop-1] o.s.b.w.servlet.FilterRegistrationBean   : Mapping filter: 'webMvcMetricsFilter' to: [/*]
2018-08-28 10:04:35.394  INFO 2244 --- [localhost-startStop-1] o.s.b.w.servlet.FilterRegistrationBean   : Mapping filter: 'hiddenHttpMethodFilter' to: [/*]
2018-08-28 10:04:35.394  INFO 2244 --- [localhost-startStop-1] o.s.b.w.servlet.FilterRegistrationBean   : Mapping filter: 'httpPutFormContentFilter' to: [/*]
2018-08-28 10:04:35.394  INFO 2244 --- [localhost-startStop-1] o.s.b.w.servlet.FilterRegistrationBean   : Mapping filter: 'requestContextFilter' to: [/*]
2018-08-28 10:04:35.394  INFO 2244 --- [localhost-startStop-1] .s.DelegatingFilterProxyRegistrationBean : Mapping filter: 'springSecurityFilterChain' to: [/*]
2018-08-28 10:04:35.394  INFO 2244 --- [localhost-startStop-1] o.s.b.w.servlet.FilterRegistrationBean   : Mapping filter: 'httpTraceFilter' to: [/*]
2018-08-28 10:04:35.394  INFO 2244 --- [localhost-startStop-1] o.s.b.w.servlet.FilterRegistrationBean   : Mapping filter: 'webStatFilter' to urls: [/*]
2018-08-28 10:04:35.394  INFO 2244 --- [localhost-startStop-1] o.s.b.w.servlet.ServletRegistrationBean  : Servlet statViewServlet mapped to [/druid/*]
2018-08-28 10:04:35.396  INFO 2244 --- [localhost-startStop-1] o.s.b.w.servlet.ServletRegistrationBean  : Servlet dispatcherServlet mapped to [/]
2018-08-28 10:04:35.396  INFO 2244 --- [localhost-startStop-1] o.s.b.w.servlet.ServletRegistrationBean  : Servlet statViewServlet mapped to [/druid/*]
2018-08-28 10:04:35.396  INFO 2244 --- [localhost-startStop-1] o.s.boot.web.servlet.RegistrationBean    : Servlet statViewServlet was not registered (possibly already registered?)
2018-08-28 10:04:36.199  INFO 2244 --- [main] com.alibaba.druid.pool.DruidDataSource   : {dataSource-1} inited
2018-08-28 10:04:36.226  INFO 2244 --- [main] j.LocalContainerEntityManagerFactoryBean : Building JPA container EntityManagerFactory for persistence unit 'masterPersistenceUnit'
2018-08-28 10:04:36.239  INFO 2244 --- [main] o.hibernate.jpa.internal.util.LogHelper  : HHH000204: Processing PersistenceUnitInfo [
	name: masterPersistenceUnit
	...]
2018-08-28 10:04:36.303  INFO 2244 --- [main] org.hibernate.Version                    : HHH000412: Hibernate Core {5.2.17.Final}
2018-08-28 10:04:36.304  INFO 2244 --- [main] org.hibernate.cfg.Environment            : HHH000206: hibernate.properties not found
2018-08-28 10:04:36.342  INFO 2244 --- [main] o.hibernate.annotations.common.Version   : HCANN000001: Hibernate Commons Annotations {5.0.1.Final}
2018-08-28 10:04:36.446  INFO 2244 --- [main] org.hibernate.dialect.Dialect            : HHH000400: Using dialect: org.hibernate.dialect.Oracle12cDialect
2018-08-28 10:04:36.520  INFO 2244 --- [main] org.hibernate.type.BasicTypeRegistry     : HHH000270: Type registration [byte[]] overrides previous : org.hibernate.type.BinaryType@4dd90166
2018-08-28 10:04:36.520  INFO 2244 --- [main] org.hibernate.type.BasicTypeRegistry     : HHH000270: Type registration [[B] overrides previous : org.hibernate.type.BinaryType@4dd90166
2018-08-28 10:04:36.521  INFO 2244 --- [main] org.hibernate.type.BasicTypeRegistry     : HHH000270: Type registration [Byte[]] overrides previous : org.hibernate.type.WrapperBinaryType@a146b11
2018-08-28 10:04:36.521  INFO 2244 --- [main] org.hibernate.type.BasicTypeRegistry     : HHH000270: Type registration [[Ljava.lang.Byte;] overrides previous : org.hibernate.type.WrapperBinaryType@a146b11
2018-08-28 10:04:36.622  WARN 2244 --- [main] org.hibernate.id.UUIDHexGenerator        : HHH000409: Using org.hibernate.id.UUIDHexGenerator which does not generate IETF RFC 4122 compliant UUID values; consider using org.hibernate.id.UUIDGenerator instead
2018-08-28 10:04:36.893  INFO 2244 --- [main] j.LocalContainerEntityManagerFactoryBean : Initialized JPA EntityManagerFactory for persistence unit 'masterPersistenceUnit'
2018-08-28 10:04:36.899  INFO 2244 --- [main] j.LocalContainerEntityManagerFactoryBean : Building JPA container EntityManagerFactory for persistence unit 'slave1PersistenceUnit'
2018-08-28 10:04:36.900  INFO 2244 --- [main] o.hibernate.jpa.internal.util.LogHelper  : HHH000204: Processing PersistenceUnitInfo [
	name: slave1PersistenceUnit
	...]
2018-08-28 10:04:37.325  INFO 2244 --- [main] com.alibaba.druid.pool.DruidDataSource   : {dataSource-2} inited
2018-08-28 10:04:37.326  INFO 2244 --- [main] org.hibernate.dialect.Dialect            : HHH000400: Using dialect: org.hibernate.dialect.Oracle12cDialect
2018-08-28 10:04:37.336  INFO 2244 --- [main] org.hibernate.type.BasicTypeRegistry     : HHH000270: Type registration [byte[]] overrides previous : org.hibernate.type.BinaryType@4dd90166
2018-08-28 10:04:37.337  INFO 2244 --- [main] org.hibernate.type.BasicTypeRegistry     : HHH000270: Type registration [[B] overrides previous : org.hibernate.type.BinaryType@4dd90166
2018-08-28 10:04:37.337  INFO 2244 --- [main] org.hibernate.type.BasicTypeRegistry     : HHH000270: Type registration [Byte[]] overrides previous : org.hibernate.type.WrapperBinaryType@a146b11
2018-08-28 10:04:37.337  INFO 2244 --- [main] org.hibernate.type.BasicTypeRegistry     : HHH000270: Type registration [[Ljava.lang.Byte;] overrides previous : org.hibernate.type.WrapperBinaryType@a146b11
2018-08-28 10:04:37.351  INFO 2244 --- [main] j.LocalContainerEntityManagerFactoryBean : Initialized JPA EntityManagerFactory for persistence unit 'slave1PersistenceUnit'
2018-08-28 10:04:37.996  INFO 2244 --- [main] o.s.w.s.handler.SimpleUrlHandlerMapping  : Mapped URL path [/**/favicon.ico] onto handler of type [class org.springframework.web.servlet.resource.ResourceHttpRequestHandler]
2018-08-28 10:04:38.120  INFO 2244 --- [main] s.w.s.m.m.a.RequestMappingHandlerAdapter : Looking for @ControllerAdvice: org.springframework.boot.web.servlet.context.AnnotationConfigServletWebServerApplicationContext@327514f: startup date [Tue Aug 28 10:04:32 CST 2018]; root of context hierarchy
2018-08-28 10:04:38.154  WARN 2244 --- [main] aWebConfiguration$JpaWebMvcConfiguration : spring.jpa.open-in-view is enabled by default. Therefore, database queries may be performed during view rendering. Explicitly configure spring.jpa.open-in-view to disable this warning
2018-08-28 10:04:38.180  INFO 2244 --- [main] s.w.s.m.m.a.RequestMappingHandlerMapping : Mapped "{[/attendance/index]}" onto public java.lang.String com.fhzz.springbootdemo.controller.attendance.AttendanceController.index(org.springframework.ui.Model)
2018-08-28 10:04:38.181  INFO 2244 --- [main] s.w.s.m.m.a.RequestMappingHandlerMapping : Mapped "{[/attendance/queryAttendanceDetailsByYearMonth]}" onto public java.util.Map<java.lang.String, java.lang.Object> com.fhzz.springbootdemo.controller.attendance.AttendanceController.queryAttendanceDetailsByYearMonth(java.lang.String,java.lang.String,java.lang.String)
2018-08-28 10:04:38.181  INFO 2244 --- [main] s.w.s.m.m.a.RequestMappingHandlerMapping : Mapped "{[/attendance/queryAttendanceDetails]}" onto public java.util.Map<java.lang.String, java.lang.Object> com.fhzz.springbootdemo.controller.attendance.AttendanceController.queryAttendanceDetails(java.lang.String)
2018-08-28 10:04:38.181  INFO 2244 --- [main] s.w.s.m.m.a.RequestMappingHandlerMapping : Mapped "{[/attendance/openAttendanceDetails]}" onto public java.lang.String com.fhzz.springbootdemo.controller.attendance.AttendanceController.openAttendanceDetails(org.springframework.ui.Model,java.lang.String)
2018-08-28 10:04:38.182  INFO 2244 --- [main] s.w.s.m.m.a.RequestMappingHandlerMapping : Mapped "{[/attendance/modifyAttendanceDetails]}" onto public java.util.Map<java.lang.String, java.lang.Object> com.fhzz.springbootdemo.controller.attendance.AttendanceController.modifyAttendanceDetails(com.fhzz.springbootdemo.entity.master.attendance.TAttendanceDetail,javax.servlet.http.HttpServletRequest)
2018-08-28 10:04:38.182  INFO 2244 --- [main] s.w.s.m.m.a.RequestMappingHandlerMapping : Mapped "{[/attendance/queryAttendanceList]}" onto public java.util.Map<java.lang.String, java.lang.Object> com.fhzz.springbootdemo.controller.attendance.AttendanceController.queryAttendanceList()
2018-08-28 10:04:38.182  INFO 2244 --- [main] s.w.s.m.m.a.RequestMappingHandlerMapping : Mapped "{[/attendance/openModifyAttendanceDetails]}" onto public java.lang.String com.fhzz.springbootdemo.controller.attendance.AttendanceController.openModifyAttendanceDetails(org.springframework.ui.Model,java.lang.String)
2018-08-28 10:04:38.182  INFO 2244 --- [main] s.w.s.m.m.a.RequestMappingHandlerMapping : Mapped "{[/attendance/fileUpload]}" onto public java.util.Map<java.lang.String, java.lang.Object> com.fhzz.springbootdemo.controller.attendance.AttendanceController.fileUpload(org.springframework.web.multipart.MultipartFile,java.lang.String,java.lang.String)
2018-08-28 10:04:38.182  INFO 2244 --- [main] s.w.s.m.m.a.RequestMappingHandlerMapping : Mapped "{[/attendance/getTitleTip]}" onto public java.lang.String com.fhzz.springbootdemo.controller.attendance.AttendanceController.getTitleTip(java.lang.String,java.lang.String)
2018-08-28 10:04:38.182  INFO 2244 --- [main] s.w.s.m.m.a.RequestMappingHandlerMapping : Mapped "{[/attendance/download]}" onto public void com.fhzz.springbootdemo.controller.attendance.AttendanceController.Download(java.lang.String,javax.servlet.http.HttpServletResponse) throws java.io.UnsupportedEncodingException
2018-08-28 10:04:38.183  INFO 2244 --- [main] s.w.s.m.m.a.RequestMappingHandlerMapping : Mapped "{[/demo/bootstrap/bootstrapDemo]}" onto public java.lang.String com.fhzz.springbootdemo.controller.demo.bootstratp.BootstrapController.index(org.springframework.ui.Model)
2018-08-28 10:04:38.183  INFO 2244 --- [main] s.w.s.m.m.a.RequestMappingHandlerMapping : Mapped "{[/demo/druid/getAllByMasterMybatis]}" onto public java.util.List<com.fhzz.springbootdemo.entity.master.OracleDemoTable> com.fhzz.springbootdemo.controller.demo.druid.DruidRestController.getAllByMasterMybatis()
2018-08-28 10:04:38.184  INFO 2244 --- [main] s.w.s.m.m.a.RequestMappingHandlerMapping : Mapped "{[/demo/druid/getAllBySlave1Jpa]}" onto public java.util.List<com.fhzz.springbootdemo.entity.slave1.MysqlDemoTable> com.fhzz.springbootdemo.controller.demo.druid.DruidRestController.getAllBySlave1Jpa()
2018-08-28 10:04:38.184  INFO 2244 --- [main] s.w.s.m.m.a.RequestMappingHandlerMapping : Mapped "{[/demo/druid/getAllBySlave1Mybatis]}" onto public java.util.List<com.fhzz.springbootdemo.entity.slave1.MysqlDemoTable> com.fhzz.springbootdemo.controller.demo.druid.DruidRestController.getAllBySlave1Mybatis()
2018-08-28 10:04:38.184  INFO 2244 --- [main] s.w.s.m.m.a.RequestMappingHandlerMapping : Mapped "{[/demo/druid/getAllByMasterJpa]}" onto public java.util.List<com.fhzz.springbootdemo.entity.master.OracleDemoTable> com.fhzz.springbootdemo.controller.demo.druid.DruidRestController.getAllByMasterJpa()
2018-08-28 10:04:38.186  INFO 2244 --- [main] s.w.s.m.m.a.RequestMappingHandlerMapping : Mapped "{[/demo/index/index]}" onto public java.lang.String com.fhzz.springbootdemo.controller.demo.index.IndexController.index(org.springframework.ui.Model)
2018-08-28 10:04:38.186  INFO 2244 --- [main] s.w.s.m.m.a.RequestMappingHandlerMapping : Mapped "{[/demo/jpa/openList]}" onto public java.lang.String com.fhzz.springbootdemo.controller.demo.jpa.JpaController.list(org.springframework.ui.Model)
2018-08-28 10:04:38.186  INFO 2244 --- [main] s.w.s.m.m.a.RequestMappingHandlerMapping : Mapped "{[/demo/jpa/toAdd]}" onto public java.lang.String com.fhzz.springbootdemo.controller.demo.jpa.JpaController.toAdd()
2018-08-28 10:04:38.187  INFO 2244 --- [main] s.w.s.m.m.a.RequestMappingHandlerMapping : Mapped "{[/demo/jpa/toEdit]}" onto public java.lang.String com.fhzz.springbootdemo.controller.demo.jpa.JpaController.toEdit(org.springframework.ui.Model,java.lang.String)
2018-08-28 10:04:38.187  INFO 2244 --- [main] s.w.s.m.m.a.RequestMappingHandlerMapping : Mapped "{[/demo/jpa/delete]}" onto public java.util.Map<java.lang.String, java.lang.Object> com.fhzz.springbootdemo.controller.demo.jpa.JpaRestController.delete(java.lang.String)
2018-08-28 10:04:38.188  INFO 2244 --- [main] s.w.s.m.m.a.RequestMappingHandlerMapping : Mapped "{[/demo/jpa/queryList]}" onto public java.util.Map<java.lang.String, java.lang.Object> com.fhzz.springbootdemo.controller.demo.jpa.JpaRestController.list(com.fhzz.springbootdemo.entity.master.OracleDemoTable)
2018-08-28 10:04:38.188  INFO 2244 --- [main] s.w.s.m.m.a.RequestMappingHandlerMapping : Mapped "{[/demo/jpa/add]}" onto public java.util.Map<java.lang.String, java.lang.Object> com.fhzz.springbootdemo.controller.demo.jpa.JpaRestController.save(com.fhzz.springbootdemo.entity.master.OracleDemoTable) throws java.lang.Exception
2018-08-28 10:04:38.188  INFO 2244 --- [main] s.w.s.m.m.a.RequestMappingHandlerMapping : Mapped "{[/demo/jpa/edit]}" onto public java.util.Map<java.lang.String, java.lang.Object> com.fhzz.springbootdemo.controller.demo.jpa.JpaRestController.edit(com.fhzz.springbootdemo.entity.master.OracleDemoTable)
2018-08-28 10:04:38.189  INFO 2244 --- [main] s.w.s.m.m.a.RequestMappingHandlerMapping : Mapped "{[/openModifyPassword]}" onto public java.lang.String com.fhzz.springbootdemo.controller.login.LoginController.openModifyPassword(org.springframework.ui.Model)
2018-08-28 10:04:38.189  INFO 2244 --- [main] s.w.s.m.m.a.RequestMappingHandlerMapping : Mapped "{[/login]}" onto public java.lang.String com.fhzz.springbootdemo.controller.login.LoginController.login(org.springframework.ui.Model)
2018-08-28 10:04:38.189  INFO 2244 --- [main] s.w.s.m.m.a.RequestMappingHandlerMapping : Mapped "{[/modifyPassword]}" onto public java.util.Map<java.lang.String, java.lang.Object> com.fhzz.springbootdemo.controller.login.LoginController.modifyPassword(java.lang.String,java.lang.String)
2018-08-28 10:04:38.190  INFO 2244 --- [main] s.w.s.m.m.a.RequestMappingHandlerMapping : Mapped "{[/error]}" onto public org.springframework.http.ResponseEntity<java.util.Map<java.lang.String, java.lang.Object>> org.springframework.boot.autoconfigure.web.servlet.error.BasicErrorController.error(javax.servlet.http.HttpServletRequest)
2018-08-28 10:04:38.191  INFO 2244 --- [main] s.w.s.m.m.a.RequestMappingHandlerMapping : Mapped "{[/error],produces=[text/html]}" onto public org.springframework.web.servlet.ModelAndView org.springframework.boot.autoconfigure.web.servlet.error.BasicErrorController.errorHtml(javax.servlet.http.HttpServletRequest,javax.servlet.http.HttpServletResponse)
2018-08-28 10:04:38.210  INFO 2244 --- [main] o.s.w.s.handler.SimpleUrlHandlerMapping  : Mapped URL path [/webjars/**] onto handler of type [class org.springframework.web.servlet.resource.ResourceHttpRequestHandler]
2018-08-28 10:04:38.211  INFO 2244 --- [main] o.s.w.s.handler.SimpleUrlHandlerMapping  : Mapped URL path [/**] onto handler of type [class org.springframework.web.servlet.resource.ResourceHttpRequestHandler]
2018-08-28 10:04:38.256  WARN 2244 --- [main] org.thymeleaf.templatemode.TemplateMode  : [THYMELEAF][main] Template Mode 'LEGACYHTML5' is deprecated. Using Template Mode 'HTML' instead.
2018-08-28 10:04:38.618  INFO 2244 --- [main] o.s.s.web.DefaultSecurityFilterChain     : Creating filter chain: Ant [pattern='/jquery/**'], []
2018-08-28 10:04:38.618  INFO 2244 --- [main] o.s.s.web.DefaultSecurityFilterChain     : Creating filter chain: Ant [pattern='/bootstrap/**'], []
2018-08-28 10:04:38.618  INFO 2244 --- [main] o.s.s.web.DefaultSecurityFilterChain     : Creating filter chain: Ant [pattern='/js/**'], []
2018-08-28 10:04:38.618  INFO 2244 --- [main] o.s.s.web.DefaultSecurityFilterChain     : Creating filter chain: Ant [pattern='/css/**'], []
2018-08-28 10:04:38.618  INFO 2244 --- [main] o.s.s.web.DefaultSecurityFilterChain     : Creating filter chain: Ant [pattern='/download/**'], []
2018-08-28 10:04:38.681  INFO 2244 --- [main] o.s.s.web.DefaultSecurityFilterChain     : Creating filter chain: org.springframework.security.web.util.matcher.AnyRequestMatcher@1, [org.springframework.security.web.context.request.async.WebAsyncManagerIntegrationFilter@6fa2a006, org.springframework.security.web.context.SecurityContextPersistenceFilter@d512c1, org.springframework.security.web.header.HeaderWriterFilter@77ea960f, org.springframework.security.web.authentication.logout.LogoutFilter@43756cb, org.springframework.security.web.authentication.UsernamePasswordAuthenticationFilter@4ab9d160, org.springframework.security.web.savedrequest.RequestCacheAwareFilter@66863941, org.springframework.security.web.servletapi.SecurityContextHolderAwareRequestFilter@fd5689d, org.springframework.security.web.authentication.AnonymousAuthenticationFilter@70592729, org.springframework.security.web.session.SessionManagementFilter@1ef93e01, org.springframework.security.web.access.ExceptionTranslationFilter@702b656a, org.springframework.security.web.access.intercept.FilterSecurityInterceptor@6a543e09]
2018-08-28 10:04:38.711  INFO 2244 --- [main] o.s.b.a.e.web.EndpointLinksResolver      : Exposing 2 endpoint(s) beneath base path '/actuator'
2018-08-28 10:04:38.718  INFO 2244 --- [main] s.b.a.e.w.s.WebMvcEndpointHandlerMapping : Mapped "{[/actuator/health],methods=[GET],produces=[application/vnd.spring-boot.actuator.v2+json || application/json]}" onto public java.lang.Object org.springframework.boot.actuate.endpoint.web.servlet.AbstractWebMvcEndpointHandlerMapping$OperationHandler.handle(javax.servlet.http.HttpServletRequest,java.util.Map<java.lang.String, java.lang.String>)
2018-08-28 10:04:38.718  INFO 2244 --- [main] s.b.a.e.w.s.WebMvcEndpointHandlerMapping : Mapped "{[/actuator/info],methods=[GET],produces=[application/vnd.spring-boot.actuator.v2+json || application/json]}" onto public java.lang.Object org.springframework.boot.actuate.endpoint.web.servlet.AbstractWebMvcEndpointHandlerMapping$OperationHandler.handle(javax.servlet.http.HttpServletRequest,java.util.Map<java.lang.String, java.lang.String>)
2018-08-28 10:04:38.719  INFO 2244 --- [main] s.b.a.e.w.s.WebMvcEndpointHandlerMapping : Mapped "{[/actuator],methods=[GET],produces=[application/vnd.spring-boot.actuator.v2+json || application/json]}" onto protected java.util.Map<java.lang.String, java.util.Map<java.lang.String, org.springframework.boot.actuate.endpoint.web.Link>> org.springframework.boot.actuate.endpoint.web.servlet.WebMvcEndpointHandlerMapping.links(javax.servlet.http.HttpServletRequest,javax.servlet.http.HttpServletResponse)
2018-08-28 10:04:38.761  INFO 2244 --- [main] o.s.j.e.a.AnnotationMBeanExporter        : Registering beans for JMX exposure on startup
2018-08-28 10:04:38.762  INFO 2244 --- [main] o.s.j.e.a.AnnotationMBeanExporter        : Bean with name 'masterDataSource' has been autodetected for JMX exposure
2018-08-28 10:04:38.763  INFO 2244 --- [main] o.s.j.e.a.AnnotationMBeanExporter        : Bean with name 'slave1DataSource' has been autodetected for JMX exposure
2018-08-28 10:04:38.763  INFO 2244 --- [main] o.s.j.e.a.AnnotationMBeanExporter        : Bean with name 'statFilter' has been autodetected for JMX exposure
2018-08-28 10:04:38.769  INFO 2244 --- [main] o.s.j.e.a.AnnotationMBeanExporter        : Located MBean 'masterDataSource': registering with JMX server as MBean [com.alibaba.druid.pool:name=masterDataSource,type=DruidDataSource]
2018-08-28 10:04:38.770  INFO 2244 --- [main] o.s.j.e.a.AnnotationMBeanExporter        : Located MBean 'slave1DataSource': registering with JMX server as MBean [com.alibaba.druid.pool:name=slave1DataSource,type=DruidDataSource]
2018-08-28 10:04:38.771  INFO 2244 --- [main] o.s.j.e.a.AnnotationMBeanExporter        : Located MBean 'statFilter': registering with JMX server as MBean [com.alibaba.druid.filter.stat:name=statFilter,type=StatFilter]
2018-08-28 10:04:38.804  INFO 2244 --- [main] o.s.b.w.embedded.tomcat.TomcatWebServer  : Tomcat started on port(s): 8080 (http) with context path ''
2018-08-28 10:04:38.806  INFO 2244 --- [main] c.f.s.SpringBootDemoApplication          : Started SpringBootDemoApplication in 6.21 seconds (JVM running for 6.528)
2018-08-28 10:04:41.082  INFO 2244 --- [http-nio-8080-exec-1] o.a.c.c.C.[Tomcat].[localhost].[/]       : Initializing Spring FrameworkServlet 'dispatcherServlet'
2018-08-28 10:04:41.082  INFO 2244 --- [http-nio-8080-exec-1] o.s.web.servlet.DispatcherServlet        : FrameworkServlet 'dispatcherServlet': initialization started
2018-08-28 10:04:41.100  INFO 2244 --- [http-nio-8080-exec-1] o.s.web.servlet.DispatcherServlet        : FrameworkServlet 'dispatcherServlet': initialization completed in 18 ms
